Connecting to database specified by database.yml
  [1m[36m (0.7ms)[0m  [1mselect sqlite_version(*)[0m
  [1m[35m (1.4ms)[0m  CREATE TABLE "schema_migrations" ("version" varchar(255) NOT NULL) 
  [1m[36m (1.2ms)[0m  [1mCREATE UNIQUE INDEX "unique_schema_migrations" ON "schema_migrations" ("version")[0m
  [1m[35m (1.6ms)[0m  SELECT "schema_migrations"."version" FROM "schema_migrations" 
Migrating to CreatePosts (20120323012656)
  [1m[36m (0.0ms)[0m  [1mbegin transaction[0m
  [1m[35m (0.4ms)[0m  CREATE TABLE "posts" ("id" INTEGER PRIMARY KEY AUTOINCREMENT NOT NULL, "title" varchar(255), "slug" varchar(255), "content" text, "draft" boolean, "created_at" datetime NOT NULL, "updated_at" datetime NOT NULL) 
  [1m[36m (0.1ms)[0m  [1mINSERT INTO "schema_migrations" ("version") VALUES ('20120323012656')[0m
  [1m[35m (0.9ms)[0m  commit transaction
Migrating to AddSessionsTable (20120323030346)
  [1m[36m (0.1ms)[0m  [1mbegin transaction[0m
  [1m[35m (0.3ms)[0m  CREATE TABLE "sessions" ("id" INTEGER PRIMARY KEY AUTOINCREMENT NOT NULL, "session_id" varchar(255) NOT NULL, "data" text, "created_at" datetime NOT NULL, "updated_at" datetime NOT NULL) 
  [1m[36m (0.1ms)[0m  [1mCREATE INDEX "index_sessions_on_session_id" ON "sessions" ("session_id")[0m
  [1m[35m (0.1ms)[0m  CREATE INDEX "index_sessions_on_updated_at" ON "sessions" ("updated_at")
  [1m[36m (0.1ms)[0m  [1mINSERT INTO "schema_migrations" ("version") VALUES ('20120323030346')[0m
  [1m[35m (0.8ms)[0m  commit transaction
Migrating to SetPostDefaultToDraft (20120323043430)
  [1m[36m (0.0ms)[0m  [1mbegin transaction[0m
  [1m[35m (0.9ms)[0m  CREATE TEMPORARY TABLE "altered_posts" ("id" INTEGER PRIMARY KEY AUTOINCREMENT NOT NULL, "title" varchar(255), "slug" varchar(255), "content" text, "draft" boolean, "created_at" datetime NOT NULL, "updated_at" datetime NOT NULL) 
  [1m[36m (0.0ms)[0m  [1mSELECT * FROM "posts"[0m
  [1m[35m (0.2ms)[0m  DROP TABLE "posts"
  [1m[36m (0.2ms)[0m  [1mCREATE TABLE "posts" ("id" INTEGER PRIMARY KEY AUTOINCREMENT NOT NULL, "title" varchar(255), "slug" varchar(255), "content" text, "draft" boolean DEFAULT 't', "created_at" datetime NOT NULL, "updated_at" datetime NOT NULL) [0m
  [1m[35m (0.0ms)[0m  SELECT * FROM "altered_posts"
  [1m[36m (0.3ms)[0m  [1mDROP TABLE "altered_posts"[0m
  [1m[35m (0.1ms)[0m  INSERT INTO "schema_migrations" ("version") VALUES ('20120323043430')
  [1m[36m (0.8ms)[0m  [1mcommit transaction[0m
Migrating to AddAsideToPosts (20120323052330)
  [1m[35m (0.0ms)[0m  begin transaction
  [1m[36m (0.7ms)[0m  [1mALTER TABLE "posts" ADD "aside" boolean DEFAULT 'f'[0m
  [1m[35m (0.1ms)[0m  INSERT INTO "schema_migrations" ("version") VALUES ('20120323052330')
  [1m[36m (0.7ms)[0m  [1mcommit transaction[0m
Migrating to AddUrlToPosts (20120327204225)
  [1m[35m (0.0ms)[0m  begin transaction
  [1m[36m (0.3ms)[0m  [1mALTER TABLE "posts" ADD "url" varchar(255)[0m
  [1m[35m (0.1ms)[0m  INSERT INTO "schema_migrations" ("version") VALUES ('20120327204225')
  [1m[36m (0.8ms)[0m  [1mcommit transaction[0m
Migrating to AddParentToPosts (20120330144129)
  [1m[35m (0.0ms)[0m  begin transaction
  [1m[36m (0.3ms)[0m  [1mALTER TABLE "posts" ADD "parent" integer[0m
  [1m[35m (0.1ms)[0m  INSERT INTO "schema_migrations" ("version") VALUES ('20120330144129')
  [1m[36m (0.7ms)[0m  [1mcommit transaction[0m
  [1m[35m (0.1ms)[0m  SELECT "schema_migrations"."version" FROM "schema_migrations" 
Connecting to database specified by database.yml
  [1m[36m (1.3ms)[0m  [1mSELECT "schema_migrations"."version" FROM "schema_migrations" [0m
Connecting to database specified by database.yml


Started GET "/" for 127.0.0.1 at 2015-01-07 14:03:05 +0200
Processing by PostsController#index as HTML
  [1m[36mPost Load (0.3ms)[0m  [1mSELECT "posts".* FROM "posts" WHERE "posts"."draft" = 'f' ORDER BY created_at desc LIMIT 10 OFFSET 0[0m
  Rendered collection (0.0ms)
  [1m[35m (0.2ms)[0m  SELECT COUNT(*) FROM "posts" WHERE "posts"."draft" = 'f'
  Rendered posts/index.html.erb within layouts/application (22.2ms)
Compiled normalize.css  (0ms)  (pid 48595)
Compiled embed.css  (20ms)  (pid 48595)
Compiled posts.css  (114ms)  (pid 48595)
Compiled themes/custom.css  (1ms)  (pid 48595)
Compiled application.css  (166ms)  (pid 48595)
Compiled jquery.js  (1ms)  (pid 48595)
Compiled jquery_ujs.js  (0ms)  (pid 48595)
Compiled fitvids.js  (0ms)  (pid 48595)
Compiled posts.js  (0ms)  (pid 48595)
Compiled showdown.js  (23ms)  (pid 48595)
Compiled admin/_functions.js  (0ms)  (pid 48595)
Compiled admin/editor.js  (0ms)  (pid 48595)
Compiled application.js  (95ms)  (pid 48595)
Completed 200 OK in 406ms (Views: 377.5ms | ActiveRecord: 0.8ms)


Started GET "/" for 127.0.0.1 at 2015-01-07 14:03:07 +0200
Processing by PostsController#index as HTML
  [1m[36mPost Load (0.2ms)[0m  [1mSELECT "posts".* FROM "posts" WHERE "posts"."draft" = 'f' ORDER BY created_at desc LIMIT 10 OFFSET 0[0m
  Rendered collection (0.0ms)
  [1m[35m (0.1ms)[0m  SELECT COUNT(*) FROM "posts" WHERE "posts"."draft" = 'f'
  Rendered posts/index.html.erb within layouts/application (2.7ms)
Completed 200 OK in 13ms (Views: 12.6ms | ActiveRecord: 0.3ms)


Started GET "/assets/normalize.css?body=1" for 127.0.0.1 at 2015-01-07 14:03:07 +0200
Served asset /normalize.css - 200 OK (8ms)


Started GET "/assets/application.css?body=1" for 127.0.0.1 at 2015-01-07 14:03:07 +0200
Served asset /application.css - 200 OK (15ms)


Started GET "/assets/embed.css?body=1" for 127.0.0.1 at 2015-01-07 14:03:07 +0200
Served asset /embed.css - 200 OK (1ms)


Started GET "/assets/posts.css?body=1" for 127.0.0.1 at 2015-01-07 14:03:07 +0200
Served asset /posts.css - 200 OK (1ms)


Started GET "/assets/themes/custom.css?body=1" for 127.0.0.1 at 2015-01-07 14:03:07 +0200
Served asset /themes/custom.css - 200 OK (1ms)


Started GET "/assets/jquery_ujs.js?body=1" for 127.0.0.1 at 2015-01-07 14:03:07 +0200
Served asset /jquery_ujs.js - 200 OK (4ms)


Started GET "/assets/jquery.js?body=1" for 127.0.0.1 at 2015-01-07 14:03:07 +0200
Served asset /jquery.js - 200 OK (4ms)


Started GET "/assets/posts.js?body=1" for 127.0.0.1 at 2015-01-07 14:03:07 +0200
Served asset /posts.js - 200 OK (1ms)


Started GET "/assets/fitvids.js?body=1" for 127.0.0.1 at 2015-01-07 14:03:07 +0200
Served asset /fitvids.js - 200 OK (2ms)


Started GET "/assets/showdown.js?body=1" for 127.0.0.1 at 2015-01-07 14:03:07 +0200
Served asset /showdown.js - 200 OK (1ms)


Started GET "/assets/admin/_functions.js?body=1" for 127.0.0.1 at 2015-01-07 14:03:07 +0200
Served asset /admin/_functions.js - 200 OK (1ms)


Started GET "/assets/admin/editor.js?body=1" for 127.0.0.1 at 2015-01-07 14:03:07 +0200
Served asset /admin/editor.js - 200 OK (1ms)


Started GET "/assets/application.js?body=1" for 127.0.0.1 at 2015-01-07 14:03:07 +0200
Served asset /application.js - 200 OK (5ms)


Started GET "/apple-touch-icon-precomposed.png" for 127.0.0.1 at 2015-01-07 14:03:07 +0200
Processing by PostsController#show as PNG
  Parameters: {"slug"=>"apple-touch-icon-precomposed"}
  [1m[36mPost Load (0.2ms)[0m  [1mSELECT "posts".* FROM "posts" WHERE "posts"."slug" = 'apple-touch-icon-precomposed' AND "posts"."draft" = 'f' ORDER BY created_at desc LIMIT 1[0m
Completed 404 Not Found in 2ms (ActiveRecord: 0.2ms)


Started GET "/apple-touch-icon.png" for 127.0.0.1 at 2015-01-07 14:03:07 +0200
Processing by PostsController#show as PNG
  Parameters: {"slug"=>"apple-touch-icon"}
  [1m[35mPost Load (0.2ms)[0m  SELECT "posts".* FROM "posts" WHERE "posts"."slug" = 'apple-touch-icon' AND "posts"."draft" = 'f' ORDER BY created_at desc LIMIT 1
Completed 404 Not Found in 1ms (ActiveRecord: 0.2ms)


Started GET "/" for 127.0.0.1 at 2015-01-07 14:03:21 +0200
Processing by PostsController#index as HTML
  [1m[36mPost Load (0.2ms)[0m  [1mSELECT "posts".* FROM "posts" WHERE "posts"."draft" = 'f' ORDER BY created_at desc LIMIT 10 OFFSET 0[0m
  Rendered collection (0.0ms)
  [1m[35m (0.1ms)[0m  SELECT COUNT(*) FROM "posts" WHERE "posts"."draft" = 'f'
  Rendered posts/index.html.erb within layouts/application (3.1ms)
Completed 200 OK in 33ms (Views: 32.1ms | ActiveRecord: 0.3ms)


Started GET "/apple-touch-icon-precomposed.png" for 127.0.0.1 at 2015-01-07 14:03:22 +0200
Processing by PostsController#show as PNG
  Parameters: {"slug"=>"apple-touch-icon-precomposed"}
  [1m[36mPost Load (0.2ms)[0m  [1mSELECT "posts".* FROM "posts" WHERE "posts"."slug" = 'apple-touch-icon-precomposed' AND "posts"."draft" = 'f' ORDER BY created_at desc LIMIT 1[0m
Completed 404 Not Found in 2ms (ActiveRecord: 0.2ms)


Started GET "/apple-touch-icon.png" for 127.0.0.1 at 2015-01-07 14:03:22 +0200
Processing by PostsController#show as PNG
  Parameters: {"slug"=>"apple-touch-icon"}
  [1m[35mPost Load (0.4ms)[0m  SELECT "posts".* FROM "posts" WHERE "posts"."slug" = 'apple-touch-icon' AND "posts"."draft" = 'f' ORDER BY created_at desc LIMIT 1
Completed 404 Not Found in 2ms (ActiveRecord: 0.4ms)


Started GET "/apple-touch-icon-precomposed.png" for 127.0.0.1 at 2015-01-07 14:03:29 +0200
Processing by PostsController#show as PNG
  Parameters: {"slug"=>"apple-touch-icon-precomposed"}
  [1m[36mPost Load (0.2ms)[0m  [1mSELECT "posts".* FROM "posts" WHERE "posts"."slug" = 'apple-touch-icon-precomposed' AND "posts"."draft" = 'f' ORDER BY created_at desc LIMIT 1[0m
Completed 404 Not Found in 1ms (ActiveRecord: 0.2ms)


Started GET "/apple-touch-icon.png" for 127.0.0.1 at 2015-01-07 14:03:29 +0200
Processing by PostsController#show as PNG
  Parameters: {"slug"=>"apple-touch-icon"}
  [1m[35mPost Load (0.2ms)[0m  SELECT "posts".* FROM "posts" WHERE "posts"."slug" = 'apple-touch-icon' AND "posts"."draft" = 'f' ORDER BY created_at desc LIMIT 1
Completed 404 Not Found in 1ms (ActiveRecord: 0.2ms)


Started GET "/posts.rss" for 127.0.0.1 at 2015-01-07 14:03:35 +0200
Processing by PostsController#index as RSS
  [1m[36mPost Load (0.3ms)[0m  [1mSELECT "posts".* FROM "posts" WHERE "posts"."draft" = 'f' ORDER BY created_at desc LIMIT 10 OFFSET 0[0m
  Rendered posts/index.rss.builder (16.6ms)
Completed 200 OK in 18ms (Views: 17.6ms | ActiveRecord: 0.3ms)


Started GET "/apple-touch-icon-precomposed.png" for 127.0.0.1 at 2015-01-07 14:03:43 +0200
Processing by PostsController#show as PNG
  Parameters: {"slug"=>"apple-touch-icon-precomposed"}
  [1m[35mPost Load (0.3ms)[0m  SELECT "posts".* FROM "posts" WHERE "posts"."slug" = 'apple-touch-icon-precomposed' AND "posts"."draft" = 'f' ORDER BY created_at desc LIMIT 1
Completed 404 Not Found in 2ms (ActiveRecord: 0.3ms)


Started GET "/apple-touch-icon.png" for 127.0.0.1 at 2015-01-07 14:03:43 +0200
Processing by PostsController#show as PNG
  Parameters: {"slug"=>"apple-touch-icon"}
  [1m[36mPost Load (0.2ms)[0m  [1mSELECT "posts".* FROM "posts" WHERE "posts"."slug" = 'apple-touch-icon' AND "posts"."draft" = 'f' ORDER BY created_at desc LIMIT 1[0m
Completed 404 Not Found in 1ms (ActiveRecord: 0.2ms)


Started GET "/" for 127.0.0.1 at 2015-01-07 14:03:45 +0200
Processing by PostsController#index as HTML
  [1m[35mPost Load (0.2ms)[0m  SELECT "posts".* FROM "posts" WHERE "posts"."draft" = 'f' ORDER BY created_at desc LIMIT 10 OFFSET 0
  Rendered collection (0.0ms)
  [1m[36m (0.1ms)[0m  [1mSELECT COUNT(*) FROM "posts" WHERE "posts"."draft" = 'f'[0m
  Rendered posts/index.html.erb within layouts/application (3.2ms)
Completed 200 OK in 32ms (Views: 30.6ms | ActiveRecord: 0.3ms)


Started GET "/apple-touch-icon-precomposed.png" for 127.0.0.1 at 2015-01-07 14:03:45 +0200
Processing by PostsController#show as PNG
  Parameters: {"slug"=>"apple-touch-icon-precomposed"}
  [1m[35mPost Load (0.2ms)[0m  SELECT "posts".* FROM "posts" WHERE "posts"."slug" = 'apple-touch-icon-precomposed' AND "posts"."draft" = 'f' ORDER BY created_at desc LIMIT 1
Completed 404 Not Found in 1ms (ActiveRecord: 0.2ms)


Started GET "/apple-touch-icon.png" for 127.0.0.1 at 2015-01-07 14:03:45 +0200
Processing by PostsController#show as PNG
  Parameters: {"slug"=>"apple-touch-icon"}
  [1m[36mPost Load (0.2ms)[0m  [1mSELECT "posts".* FROM "posts" WHERE "posts"."slug" = 'apple-touch-icon' AND "posts"."draft" = 'f' ORDER BY created_at desc LIMIT 1[0m
Completed 404 Not Found in 1ms (ActiveRecord: 0.2ms)


Started GET "/" for 127.0.0.1 at 2015-01-07 14:04:36 +0200
Processing by PostsController#index as HTML
  [1m[35mPost Load (0.3ms)[0m  SELECT "posts".* FROM "posts" WHERE "posts"."draft" = 'f' ORDER BY created_at desc LIMIT 10 OFFSET 0
  Rendered collection (0.0ms)
  [1m[36m (0.2ms)[0m  [1mSELECT COUNT(*) FROM "posts" WHERE "posts"."draft" = 'f'[0m
  Rendered posts/index.html.erb within layouts/application (5.0ms)
Completed 200 OK in 24ms (Views: 23.0ms | ActiveRecord: 0.4ms)


Started GET "/assets/jquery.js?body=1" for 127.0.0.1 at 2015-01-07 14:04:37 +0200
Served asset /jquery.js - 304 Not Modified (0ms)


Started GET "/assets/jquery_ujs.js?body=1" for 127.0.0.1 at 2015-01-07 14:04:37 +0200
Served asset /jquery_ujs.js - 304 Not Modified (0ms)


Started GET "/apple-touch-icon-precomposed.png" for 127.0.0.1 at 2015-01-07 14:04:37 +0200
Processing by PostsController#show as PNG
  Parameters: {"slug"=>"apple-touch-icon-precomposed"}
  [1m[35mPost Load (0.3ms)[0m  SELECT "posts".* FROM "posts" WHERE "posts"."slug" = 'apple-touch-icon-precomposed' AND "posts"."draft" = 'f' ORDER BY created_at desc LIMIT 1
Completed 404 Not Found in 2ms (ActiveRecord: 0.3ms)


Started GET "/apple-touch-icon.png" for 127.0.0.1 at 2015-01-07 14:04:37 +0200
Processing by PostsController#show as PNG
  Parameters: {"slug"=>"apple-touch-icon"}
  [1m[36mPost Load (0.2ms)[0m  [1mSELECT "posts".* FROM "posts" WHERE "posts"."slug" = 'apple-touch-icon' AND "posts"."draft" = 'f' ORDER BY created_at desc LIMIT 1[0m
Completed 404 Not Found in 1ms (ActiveRecord: 0.2ms)


Started GET "/" for 127.0.0.1 at 2015-01-07 14:06:10 +0200
Processing by PostsController#index as HTML
  [1m[35mPost Load (0.8ms)[0m  SELECT "posts".* FROM "posts" WHERE "posts"."draft" = 'f' ORDER BY created_at desc LIMIT 10 OFFSET 0
  Rendered collection (0.0ms)
  [1m[36m (0.5ms)[0m  [1mSELECT COUNT(*) FROM "posts" WHERE "posts"."draft" = 'f'[0m
  Rendered posts/index.html.erb within layouts/application (20.4ms)
Completed 200 OK in 250ms (Views: 245.7ms | ActiveRecord: 1.3ms)


Started GET "/assets/normalize.css?body=1" for 127.0.0.1 at 2015-01-07 14:06:10 +0200
Served asset /normalize.css - 304 Not Modified (0ms)


Started GET "/assets/application.css?body=1" for 127.0.0.1 at 2015-01-07 14:06:10 +0200
Served asset /application.css - 304 Not Modified (16ms)


Started GET "/assets/embed.css?body=1" for 127.0.0.1 at 2015-01-07 14:06:10 +0200
Served asset /embed.css - 304 Not Modified (0ms)


Started GET "/assets/posts.css?body=1" for 127.0.0.1 at 2015-01-07 14:06:10 +0200
Served asset /posts.css - 304 Not Modified (0ms)


Started GET "/assets/themes/custom.css?body=1" for 127.0.0.1 at 2015-01-07 14:06:11 +0200
Served asset /themes/custom.css - 304 Not Modified (0ms)


Started GET "/assets/jquery_ujs.js?body=1" for 127.0.0.1 at 2015-01-07 14:06:11 +0200
Served asset /jquery_ujs.js - 304 Not Modified (0ms)


Started GET "/assets/fitvids.js?body=1" for 127.0.0.1 at 2015-01-07 14:06:11 +0200
Served asset /fitvids.js - 304 Not Modified (0ms)


Started GET "/assets/posts.js?body=1" for 127.0.0.1 at 2015-01-07 14:06:11 +0200
Served asset /posts.js - 304 Not Modified (0ms)


Started GET "/assets/admin/_functions.js?body=1" for 127.0.0.1 at 2015-01-07 14:06:11 +0200
Served asset /admin/_functions.js - 304 Not Modified (1ms)


Started GET "/assets/application.js?body=1" for 127.0.0.1 at 2015-01-07 14:06:11 +0200
Served asset /application.js - 304 Not Modified (1ms)


Started GET "/assets/showdown.js?body=1" for 127.0.0.1 at 2015-01-07 14:06:11 +0200
Served asset /showdown.js - 304 Not Modified (7ms)


Started GET "/assets/jquery.js?body=1" for 127.0.0.1 at 2015-01-07 14:06:12 +0200
Served asset /jquery.js - 304 Not Modified (0ms)


Started GET "/assets/admin/editor.js?body=1" for 127.0.0.1 at 2015-01-07 14:06:12 +0200
Served asset /admin/editor.js - 304 Not Modified (0ms)


Started GET "/admin" for 127.0.0.1 at 2015-01-07 14:06:12 +0200
Processing by PostsController#admin as HTML
Filter chain halted as :authenticate rendered or redirected
Completed 401 Unauthorized in 1ms (ActiveRecord: 0.0ms)


Started GET "/admin" for 127.0.0.1 at 2015-01-07 14:06:12 +0200
Processing by PostsController#admin as HTML
Filter chain halted as :authenticate rendered or redirected
Completed 401 Unauthorized in 0ms (ActiveRecord: 0.0ms)


Started GET "/admin" for 127.0.0.1 at 2015-01-07 14:06:16 +0200
Processing by PostsController#admin as HTML
Filter chain halted as :authenticate rendered or redirected
Completed 401 Unauthorized in 1ms (ActiveRecord: 0.0ms)


Started GET "/apple-touch-icon-precomposed.png" for 127.0.0.1 at 2015-01-07 14:06:17 +0200
Processing by PostsController#show as PNG
  Parameters: {"slug"=>"apple-touch-icon-precomposed"}
  [1m[35mPost Load (0.7ms)[0m  SELECT "posts".* FROM "posts" WHERE "posts"."slug" = 'apple-touch-icon-precomposed' AND "posts"."draft" = 'f' ORDER BY created_at desc LIMIT 1
Completed 404 Not Found in 5ms (ActiveRecord: 0.7ms)


Started GET "/apple-touch-icon.png" for 127.0.0.1 at 2015-01-07 14:06:17 +0200
Processing by PostsController#show as PNG
  Parameters: {"slug"=>"apple-touch-icon"}
  [1m[36mPost Load (2.3ms)[0m  [1mSELECT "posts".* FROM "posts" WHERE "posts"."slug" = 'apple-touch-icon' AND "posts"."draft" = 'f' ORDER BY created_at desc LIMIT 1[0m
Completed 404 Not Found in 6ms (ActiveRecord: 2.3ms)


Started GET "/" for 127.0.0.1 at 2015-01-07 14:07:37 +0200
Processing by PostsController#index as HTML
  [1m[35mPost Load (0.2ms)[0m  SELECT "posts".* FROM "posts" WHERE "posts"."draft" = 'f' ORDER BY created_at desc LIMIT 10 OFFSET 0
  Rendered collection (0.0ms)
  [1m[36m (0.2ms)[0m  [1mSELECT COUNT(*) FROM "posts" WHERE "posts"."draft" = 'f'[0m
  Rendered posts/index.html.erb within layouts/application (5.7ms)
Completed 200 OK in 24ms (Views: 22.5ms | ActiveRecord: 0.3ms)


Started GET "/assets/normalize.css?body=1" for 127.0.0.1 at 2015-01-07 14:07:37 +0200
Served asset /normalize.css - 304 Not Modified (0ms)


Started GET "/assets/application.css?body=1" for 127.0.0.1 at 2015-01-07 14:07:37 +0200
Served asset /application.css - 304 Not Modified (1ms)


Started GET "/assets/embed.css?body=1" for 127.0.0.1 at 2015-01-07 14:07:37 +0200
Served asset /embed.css - 304 Not Modified (0ms)


Started GET "/assets/posts.css?body=1" for 127.0.0.1 at 2015-01-07 14:07:37 +0200
Served asset /posts.css - 304 Not Modified (0ms)


Started GET "/assets/themes/custom.css?body=1" for 127.0.0.1 at 2015-01-07 14:07:37 +0200
Served asset /themes/custom.css - 304 Not Modified (0ms)


Started GET "/assets/jquery_ujs.js?body=1" for 127.0.0.1 at 2015-01-07 14:07:37 +0200
Served asset /jquery_ujs.js - 304 Not Modified (0ms)


Started GET "/assets/posts.js?body=1" for 127.0.0.1 at 2015-01-07 14:07:37 +0200
Served asset /posts.js - 304 Not Modified (0ms)


Started GET "/assets/fitvids.js?body=1" for 127.0.0.1 at 2015-01-07 14:07:37 +0200
Served asset /fitvids.js - 304 Not Modified (0ms)


Started GET "/assets/showdown.js?body=1" for 127.0.0.1 at 2015-01-07 14:07:37 +0200
Served asset /showdown.js - 304 Not Modified (0ms)


Started GET "/assets/admin/_functions.js?body=1" for 127.0.0.1 at 2015-01-07 14:07:37 +0200
Served asset /admin/_functions.js - 304 Not Modified (0ms)


Started GET "/assets/admin/editor.js?body=1" for 127.0.0.1 at 2015-01-07 14:07:37 +0200
Served asset /admin/editor.js - 304 Not Modified (0ms)


Started GET "/assets/application.js?body=1" for 127.0.0.1 at 2015-01-07 14:07:37 +0200
Served asset /application.js - 304 Not Modified (0ms)


Started GET "/assets/jquery.js?body=1" for 127.0.0.1 at 2015-01-07 14:07:37 +0200
Served asset /jquery.js - 304 Not Modified (0ms)


Started GET "/apple-touch-icon-precomposed.png" for 127.0.0.1 at 2015-01-07 14:07:37 +0200
Processing by PostsController#show as PNG
  Parameters: {"slug"=>"apple-touch-icon-precomposed"}
  [1m[35mPost Load (0.2ms)[0m  SELECT "posts".* FROM "posts" WHERE "posts"."slug" = 'apple-touch-icon-precomposed' AND "posts"."draft" = 'f' ORDER BY created_at desc LIMIT 1
Completed 404 Not Found in 1ms (ActiveRecord: 0.2ms)


Started GET "/apple-touch-icon.png" for 127.0.0.1 at 2015-01-07 14:07:37 +0200
Processing by PostsController#show as PNG
  Parameters: {"slug"=>"apple-touch-icon"}
  [1m[36mPost Load (0.2ms)[0m  [1mSELECT "posts".* FROM "posts" WHERE "posts"."slug" = 'apple-touch-icon' AND "posts"."draft" = 'f' ORDER BY created_at desc LIMIT 1[0m
Completed 404 Not Found in 1ms (ActiveRecord: 0.2ms)


Started GET "/" for 127.0.0.1 at 2015-01-07 14:08:08 +0200
Processing by PostsController#index as HTML
  [1m[35mPost Load (0.2ms)[0m  SELECT "posts".* FROM "posts" WHERE "posts"."draft" = 'f' ORDER BY created_at desc LIMIT 10 OFFSET 0
  Rendered collection (0.0ms)
  [1m[36m (0.1ms)[0m  [1mSELECT COUNT(*) FROM "posts" WHERE "posts"."draft" = 'f'[0m
  Rendered posts/index.html.erb within layouts/application (3.7ms)
Completed 200 OK in 22ms (Views: 20.1ms | ActiveRecord: 0.3ms)


Started GET "/assets/normalize.css?body=1" for 127.0.0.1 at 2015-01-07 14:08:09 +0200
Served asset /normalize.css - 304 Not Modified (1ms)


Started GET "/assets/application.css?body=1" for 127.0.0.1 at 2015-01-07 14:08:09 +0200
Served asset /application.css - 304 Not Modified (0ms)


Started GET "/assets/embed.css?body=1" for 127.0.0.1 at 2015-01-07 14:08:09 +0200
Served asset /embed.css - 304 Not Modified (0ms)


Started GET "/assets/posts.css?body=1" for 127.0.0.1 at 2015-01-07 14:08:09 +0200
Served asset /posts.css - 304 Not Modified (0ms)


Started GET "/assets/themes/custom.css?body=1" for 127.0.0.1 at 2015-01-07 14:08:09 +0200
Served asset /themes/custom.css - 304 Not Modified (0ms)


Started GET "/assets/jquery_ujs.js?body=1" for 127.0.0.1 at 2015-01-07 14:08:09 +0200
Served asset /jquery_ujs.js - 304 Not Modified (0ms)


Started GET "/assets/jquery.js?body=1" for 127.0.0.1 at 2015-01-07 14:08:09 +0200
Served asset /jquery.js - 304 Not Modified (0ms)


Started GET "/assets/fitvids.js?body=1" for 127.0.0.1 at 2015-01-07 14:08:09 +0200
Served asset /fitvids.js - 304 Not Modified (0ms)


Started GET "/assets/showdown.js?body=1" for 127.0.0.1 at 2015-01-07 14:08:09 +0200
Served asset /showdown.js - 304 Not Modified (0ms)


Started GET "/assets/admin/_functions.js?body=1" for 127.0.0.1 at 2015-01-07 14:08:09 +0200
Served asset /admin/_functions.js - 304 Not Modified (0ms)


Started GET "/assets/posts.js?body=1" for 127.0.0.1 at 2015-01-07 14:08:09 +0200
Served asset /posts.js - 304 Not Modified (0ms)


Started GET "/assets/admin/editor.js?body=1" for 127.0.0.1 at 2015-01-07 14:08:09 +0200
Served asset /admin/editor.js - 304 Not Modified (0ms)


Started GET "/assets/application.js?body=1" for 127.0.0.1 at 2015-01-07 14:08:09 +0200
Served asset /application.js - 304 Not Modified (0ms)


Started GET "/apple-touch-icon-precomposed.png" for 127.0.0.1 at 2015-01-07 14:08:09 +0200
Processing by PostsController#show as PNG
  Parameters: {"slug"=>"apple-touch-icon-precomposed"}
  [1m[35mPost Load (0.3ms)[0m  SELECT "posts".* FROM "posts" WHERE "posts"."slug" = 'apple-touch-icon-precomposed' AND "posts"."draft" = 'f' ORDER BY created_at desc LIMIT 1
Completed 404 Not Found in 2ms (ActiveRecord: 0.3ms)


Started GET "/apple-touch-icon.png" for 127.0.0.1 at 2015-01-07 14:08:09 +0200
Processing by PostsController#show as PNG
  Parameters: {"slug"=>"apple-touch-icon"}
  [1m[36mPost Load (0.2ms)[0m  [1mSELECT "posts".* FROM "posts" WHERE "posts"."slug" = 'apple-touch-icon' AND "posts"."draft" = 'f' ORDER BY created_at desc LIMIT 1[0m
Completed 404 Not Found in 1ms (ActiveRecord: 0.2ms)


Started GET "/" for 127.0.0.1 at 2015-01-07 14:08:13 +0200
Processing by PostsController#index as HTML
  [1m[35mPost Load (0.2ms)[0m  SELECT "posts".* FROM "posts" WHERE "posts"."draft" = 'f' ORDER BY created_at desc LIMIT 10 OFFSET 0
  Rendered collection (0.0ms)
  [1m[36m (0.2ms)[0m  [1mSELECT COUNT(*) FROM "posts" WHERE "posts"."draft" = 'f'[0m
  Rendered posts/index.html.erb within layouts/application (5.0ms)
Completed 200 OK in 23ms (Views: 21.3ms | ActiveRecord: 0.3ms)


Started GET "/assets/normalize.css?body=1" for 127.0.0.1 at 2015-01-07 14:08:14 +0200
Served asset /normalize.css - 304 Not Modified (0ms)


Started GET "/assets/application.css?body=1" for 127.0.0.1 at 2015-01-07 14:08:14 +0200
Served asset /application.css - 304 Not Modified (0ms)


Started GET "/assets/embed.css?body=1" for 127.0.0.1 at 2015-01-07 14:08:14 +0200
Served asset /embed.css - 304 Not Modified (0ms)


Started GET "/assets/posts.css?body=1" for 127.0.0.1 at 2015-01-07 14:08:14 +0200
Served asset /posts.css - 304 Not Modified (0ms)


Started GET "/assets/themes/custom.css?body=1" for 127.0.0.1 at 2015-01-07 14:08:14 +0200
Served asset /themes/custom.css - 304 Not Modified (0ms)


Started GET "/assets/jquery_ujs.js?body=1" for 127.0.0.1 at 2015-01-07 14:08:14 +0200
Served asset /jquery_ujs.js - 304 Not Modified (0ms)


Started GET "/assets/fitvids.js?body=1" for 127.0.0.1 at 2015-01-07 14:08:14 +0200
Served asset /fitvids.js - 304 Not Modified (0ms)


Started GET "/assets/admin/editor.js?body=1" for 127.0.0.1 at 2015-01-07 14:08:14 +0200
Served asset /admin/editor.js - 304 Not Modified (0ms)


Started GET "/assets/posts.js?body=1" for 127.0.0.1 at 2015-01-07 14:08:14 +0200
Served asset /posts.js - 304 Not Modified (0ms)


Started GET "/assets/admin/_functions.js?body=1" for 127.0.0.1 at 2015-01-07 14:08:14 +0200
Served asset /admin/_functions.js - 304 Not Modified (0ms)


Started GET "/assets/showdown.js?body=1" for 127.0.0.1 at 2015-01-07 14:08:14 +0200
Served asset /showdown.js - 304 Not Modified (0ms)


Started GET "/assets/application.js?body=1" for 127.0.0.1 at 2015-01-07 14:08:14 +0200
Served asset /application.js - 304 Not Modified (0ms)


Started GET "/assets/jquery.js?body=1" for 127.0.0.1 at 2015-01-07 14:08:14 +0200
Served asset /jquery.js - 304 Not Modified (0ms)


Started GET "/apple-touch-icon-precomposed.png" for 127.0.0.1 at 2015-01-07 14:08:14 +0200
Processing by PostsController#show as PNG
  Parameters: {"slug"=>"apple-touch-icon-precomposed"}
  [1m[35mPost Load (0.2ms)[0m  SELECT "posts".* FROM "posts" WHERE "posts"."slug" = 'apple-touch-icon-precomposed' AND "posts"."draft" = 'f' ORDER BY created_at desc LIMIT 1
Completed 404 Not Found in 1ms (ActiveRecord: 0.2ms)


Started GET "/apple-touch-icon.png" for 127.0.0.1 at 2015-01-07 14:08:14 +0200
Processing by PostsController#show as PNG
  Parameters: {"slug"=>"apple-touch-icon"}
  [1m[36mPost Load (0.2ms)[0m  [1mSELECT "posts".* FROM "posts" WHERE "posts"."slug" = 'apple-touch-icon' AND "posts"."draft" = 'f' ORDER BY created_at desc LIMIT 1[0m
Completed 404 Not Found in 1ms (ActiveRecord: 0.2ms)


Started GET "/admin" for 127.0.0.1 at 2015-01-07 14:08:15 +0200
Processing by PostsController#admin as HTML
Filter chain halted as :authenticate rendered or redirected
Completed 401 Unauthorized in 0ms (ActiveRecord: 0.0ms)


Started GET "/admin" for 127.0.0.1 at 2015-01-07 14:08:15 +0200
Processing by PostsController#admin as HTML
Filter chain halted as :authenticate rendered or redirected
Completed 401 Unauthorized in 0ms (ActiveRecord: 0.0ms)


Started GET "/admin" for 127.0.0.1 at 2015-01-07 14:08:16 +0200
Processing by PostsController#admin as HTML
Filter chain halted as :authenticate rendered or redirected
Completed 401 Unauthorized in 0ms (ActiveRecord: 0.0ms)


Started GET "/admin" for 127.0.0.1 at 2015-01-07 14:08:16 +0200
Processing by PostsController#admin as HTML
Filter chain halted as :authenticate rendered or redirected
Completed 401 Unauthorized in 0ms (ActiveRecord: 0.0ms)


Started GET "/admin" for 127.0.0.1 at 2015-01-07 14:08:17 +0200
Processing by PostsController#admin as HTML
Filter chain halted as :authenticate rendered or redirected
Completed 401 Unauthorized in 0ms (ActiveRecord: 0.0ms)


Started GET "/admin" for 127.0.0.1 at 2015-01-07 14:08:24 +0200
Processing by PostsController#admin as HTML
  [1m[35mPost Load (1.2ms)[0m  SELECT "posts".* FROM "posts" WHERE "posts"."draft" = 't' ORDER BY created_at desc LIMIT 20 OFFSET 0
  Rendered posts/_li.html.erb (0.0ms)
  [1m[36m (0.4ms)[0m  [1mSELECT COUNT(*) FROM "posts" WHERE "posts"."draft" = 't'[0m
  [1m[35mPost Load (0.6ms)[0m  SELECT "posts".* FROM "posts" WHERE "posts"."draft" = 'f' ORDER BY created_at desc LIMIT 20 OFFSET 0
  Rendered posts/_li.html.erb (0.0ms)
  [1m[36m (0.4ms)[0m  [1mSELECT COUNT(*) FROM "posts" WHERE "posts"."draft" = 'f'[0m
  Rendered posts/admin.html.erb within layouts/admin (39.7ms)
Completed 200 OK in 175ms (Views: 133.3ms | ActiveRecord: 2.5ms)


Started GET "/assets/normalize.css?body=1" for 127.0.0.1 at 2015-01-07 14:08:24 +0200
Served asset /normalize.css - 304 Not Modified (0ms)


Started GET "/assets/application.css?body=1" for 127.0.0.1 at 2015-01-07 14:08:25 +0200
Served asset /application.css - 304 Not Modified (1ms)


Started GET "/assets/embed.css?body=1" for 127.0.0.1 at 2015-01-07 14:08:25 +0200
Served asset /embed.css - 304 Not Modified (0ms)


Started GET "/assets/posts.css?body=1" for 127.0.0.1 at 2015-01-07 14:08:25 +0200
Served asset /posts.css - 304 Not Modified (0ms)


Started GET "/assets/themes/custom.css?body=1" for 127.0.0.1 at 2015-01-07 14:08:25 +0200
Served asset /themes/custom.css - 304 Not Modified (0ms)


Started GET "/assets/jquery.js?body=1" for 127.0.0.1 at 2015-01-07 14:08:25 +0200
Served asset /jquery.js - 304 Not Modified (0ms)


Started GET "/assets/jquery_ujs.js?body=1" for 127.0.0.1 at 2015-01-07 14:08:25 +0200
Served asset /jquery_ujs.js - 304 Not Modified (0ms)


Started GET "/assets/fitvids.js?body=1" for 127.0.0.1 at 2015-01-07 14:08:25 +0200
Served asset /fitvids.js - 304 Not Modified (0ms)


Started GET "/assets/posts.js?body=1" for 127.0.0.1 at 2015-01-07 14:08:25 +0200
Served asset /posts.js - 304 Not Modified (0ms)


Started GET "/assets/admin/_functions.js?body=1" for 127.0.0.1 at 2015-01-07 14:08:25 +0200
Served asset /admin/_functions.js - 304 Not Modified (0ms)


Started GET "/assets/showdown.js?body=1" for 127.0.0.1 at 2015-01-07 14:08:25 +0200
Served asset /showdown.js - 304 Not Modified (0ms)


Started GET "/assets/application.js?body=1" for 127.0.0.1 at 2015-01-07 14:08:25 +0200
Served asset /application.js - 304 Not Modified (2ms)


Started GET "/assets/admin/editor.js?body=1" for 127.0.0.1 at 2015-01-07 14:08:25 +0200
Served asset /admin/editor.js - 304 Not Modified (0ms)


Started GET "/apple-touch-icon-precomposed.png" for 127.0.0.1 at 2015-01-07 14:08:25 +0200
Processing by PostsController#show as PNG
  Parameters: {"slug"=>"apple-touch-icon-precomposed"}
  [1m[35mPost Load (0.6ms)[0m  SELECT "posts".* FROM "posts" WHERE "posts"."slug" = 'apple-touch-icon-precomposed' AND "posts"."draft" = 'f' ORDER BY created_at desc LIMIT 1
Completed 404 Not Found in 6ms (ActiveRecord: 0.6ms)


Started GET "/apple-touch-icon.png" for 127.0.0.1 at 2015-01-07 14:08:25 +0200
Processing by PostsController#show as PNG
  Parameters: {"slug"=>"apple-touch-icon"}
  [1m[36mPost Load (0.6ms)[0m  [1mSELECT "posts".* FROM "posts" WHERE "posts"."slug" = 'apple-touch-icon' AND "posts"."draft" = 'f' ORDER BY created_at desc LIMIT 1[0m
Completed 404 Not Found in 6ms (ActiveRecord: 0.6ms)


Started GET "/new" for 127.0.0.1 at 2015-01-07 14:08:56 +0200
Processing by PostsController#new as HTML
  Rendered posts/_form.html.erb (122.2ms)
  Rendered posts/new.html.erb within layouts/admin (124.1ms)
Completed 200 OK in 144ms (Views: 143.0ms | ActiveRecord: 0.0ms)


Started GET "/assets/normalize.css?body=1" for 127.0.0.1 at 2015-01-07 14:08:56 +0200
Served asset /normalize.css - 304 Not Modified (0ms)


Started GET "/assets/application.css?body=1" for 127.0.0.1 at 2015-01-07 14:08:56 +0200
Served asset /application.css - 304 Not Modified (0ms)


Started GET "/assets/embed.css?body=1" for 127.0.0.1 at 2015-01-07 14:08:56 +0200
Served asset /embed.css - 304 Not Modified (0ms)


Started GET "/assets/posts.css?body=1" for 127.0.0.1 at 2015-01-07 14:08:56 +0200
Served asset /posts.css - 304 Not Modified (0ms)


Started GET "/assets/themes/custom.css?body=1" for 127.0.0.1 at 2015-01-07 14:08:56 +0200
Served asset /themes/custom.css - 304 Not Modified (0ms)


Started GET "/assets/jquery.js?body=1" for 127.0.0.1 at 2015-01-07 14:08:56 +0200
Served asset /jquery.js - 304 Not Modified (0ms)


Started GET "/assets/fitvids.js?body=1" for 127.0.0.1 at 2015-01-07 14:08:56 +0200
Served asset /fitvids.js - 304 Not Modified (0ms)


Started GET "/assets/admin/_functions.js?body=1" for 127.0.0.1 at 2015-01-07 14:08:56 +0200
Served asset /admin/_functions.js - 304 Not Modified (0ms)


Started GET "/assets/jquery_ujs.js?body=1" for 127.0.0.1 at 2015-01-07 14:08:56 +0200
Served asset /jquery_ujs.js - 304 Not Modified (0ms)


Started GET "/assets/posts.js?body=1" for 127.0.0.1 at 2015-01-07 14:08:56 +0200
Served asset /posts.js - 304 Not Modified (0ms)


Started GET "/assets/showdown.js?body=1" for 127.0.0.1 at 2015-01-07 14:08:56 +0200
Served asset /showdown.js - 304 Not Modified (0ms)


Started GET "/assets/admin/editor.js?body=1" for 127.0.0.1 at 2015-01-07 14:08:56 +0200
Served asset /admin/editor.js - 304 Not Modified (0ms)


Started GET "/assets/application.js?body=1" for 127.0.0.1 at 2015-01-07 14:08:56 +0200
Served asset /application.js - 304 Not Modified (0ms)


Started GET "/assets/markdown.png" for 127.0.0.1 at 2015-01-07 14:08:56 +0200
Served asset /markdown.png - 200 OK (14ms)


Started GET "/apple-touch-icon-precomposed.png" for 127.0.0.1 at 2015-01-07 14:08:56 +0200
Processing by PostsController#show as PNG
  Parameters: {"slug"=>"apple-touch-icon-precomposed"}
  [1m[35mPost Load (0.2ms)[0m  SELECT "posts".* FROM "posts" WHERE "posts"."slug" = 'apple-touch-icon-precomposed' AND "posts"."draft" = 'f' ORDER BY created_at desc LIMIT 1
Completed 404 Not Found in 2ms (ActiveRecord: 0.2ms)


Started GET "/apple-touch-icon.png" for 127.0.0.1 at 2015-01-07 14:08:56 +0200
Processing by PostsController#show as PNG
  Parameters: {"slug"=>"apple-touch-icon"}
  [1m[36mPost Load (0.4ms)[0m  [1mSELECT "posts".* FROM "posts" WHERE "posts"."slug" = 'apple-touch-icon' AND "posts"."draft" = 'f' ORDER BY created_at desc LIMIT 1[0m
Completed 404 Not Found in 3ms (ActiveRecord: 0.4ms)


Started GET "/admin" for 127.0.0.1 at 2015-01-07 14:09:16 +0200
Processing by PostsController#admin as HTML
  [1m[35mPost Load (0.2ms)[0m  SELECT "posts".* FROM "posts" WHERE "posts"."draft" = 't' ORDER BY created_at desc LIMIT 20 OFFSET 0
  Rendered posts/_li.html.erb (0.0ms)
  [1m[36m (0.1ms)[0m  [1mSELECT COUNT(*) FROM "posts" WHERE "posts"."draft" = 't'[0m
  [1m[35mPost Load (0.3ms)[0m  SELECT "posts".* FROM "posts" WHERE "posts"."draft" = 'f' ORDER BY created_at desc LIMIT 20 OFFSET 0
  Rendered posts/_li.html.erb (0.0ms)
  [1m[36m (0.2ms)[0m  [1mSELECT COUNT(*) FROM "posts" WHERE "posts"."draft" = 'f'[0m
  Rendered posts/admin.html.erb within layouts/admin (10.1ms)
Completed 200 OK in 23ms (Views: 20.9ms | ActiveRecord: 0.8ms)


Started GET "/assets/normalize.css?body=1" for 127.0.0.1 at 2015-01-07 14:09:16 +0200
Served asset /normalize.css - 304 Not Modified (0ms)


Started GET "/assets/application.css?body=1" for 127.0.0.1 at 2015-01-07 14:09:16 +0200
Served asset /application.css - 304 Not Modified (1ms)


Started GET "/assets/embed.css?body=1" for 127.0.0.1 at 2015-01-07 14:09:16 +0200
Served asset /embed.css - 304 Not Modified (0ms)


Started GET "/assets/posts.css?body=1" for 127.0.0.1 at 2015-01-07 14:09:16 +0200
Served asset /posts.css - 304 Not Modified (0ms)


Started GET "/assets/themes/custom.css?body=1" for 127.0.0.1 at 2015-01-07 14:09:16 +0200
Served asset /themes/custom.css - 304 Not Modified (0ms)


Started GET "/assets/fitvids.js?body=1" for 127.0.0.1 at 2015-01-07 14:09:16 +0200
Served asset /fitvids.js - 304 Not Modified (0ms)


Started GET "/assets/jquery_ujs.js?body=1" for 127.0.0.1 at 2015-01-07 14:09:16 +0200
Served asset /jquery_ujs.js - 304 Not Modified (0ms)


Started GET "/assets/posts.js?body=1" for 127.0.0.1 at 2015-01-07 14:09:16 +0200
Served asset /posts.js - 304 Not Modified (0ms)


Started GET "/assets/jquery.js?body=1" for 127.0.0.1 at 2015-01-07 14:09:16 +0200
Served asset /jquery.js - 304 Not Modified (0ms)


Started GET "/assets/showdown.js?body=1" for 127.0.0.1 at 2015-01-07 14:09:16 +0200
Served asset /showdown.js - 304 Not Modified (0ms)


Started GET "/assets/admin/_functions.js?body=1" for 127.0.0.1 at 2015-01-07 14:09:16 +0200
Served asset /admin/_functions.js - 304 Not Modified (0ms)


Started GET "/assets/application.js?body=1" for 127.0.0.1 at 2015-01-07 14:09:16 +0200
Served asset /application.js - 304 Not Modified (1ms)


Started GET "/assets/admin/editor.js?body=1" for 127.0.0.1 at 2015-01-07 14:09:16 +0200
Served asset /admin/editor.js - 304 Not Modified (0ms)


Started GET "/apple-touch-icon-precomposed.png" for 127.0.0.1 at 2015-01-07 14:09:16 +0200
Processing by PostsController#show as PNG
  Parameters: {"slug"=>"apple-touch-icon-precomposed"}
  [1m[35mPost Load (0.1ms)[0m  SELECT "posts".* FROM "posts" WHERE "posts"."slug" = 'apple-touch-icon-precomposed' AND "posts"."draft" = 'f' ORDER BY created_at desc LIMIT 1
Completed 404 Not Found in 1ms (ActiveRecord: 0.1ms)


Started GET "/apple-touch-icon.png" for 127.0.0.1 at 2015-01-07 14:09:16 +0200
Processing by PostsController#show as PNG
  Parameters: {"slug"=>"apple-touch-icon"}
  [1m[36mPost Load (0.2ms)[0m  [1mSELECT "posts".* FROM "posts" WHERE "posts"."slug" = 'apple-touch-icon' AND "posts"."draft" = 'f' ORDER BY created_at desc LIMIT 1[0m
Completed 404 Not Found in 1ms (ActiveRecord: 0.2ms)


Started GET "/" for 127.0.0.1 at 2015-01-07 14:09:17 +0200
Processing by PostsController#index as HTML
  [1m[35mPost Load (0.2ms)[0m  SELECT "posts".* FROM "posts" WHERE "posts"."draft" = 'f' ORDER BY created_at desc LIMIT 10 OFFSET 0
  Rendered collection (0.0ms)
  [1m[36m (0.1ms)[0m  [1mSELECT COUNT(*) FROM "posts" WHERE "posts"."draft" = 'f'[0m
  Rendered posts/index.html.erb within layouts/application (3.3ms)
Completed 200 OK in 42ms (Views: 40.9ms | ActiveRecord: 0.3ms)


Started GET "/assets/normalize.css?body=1" for 127.0.0.1 at 2015-01-07 14:09:17 +0200
Served asset /normalize.css - 304 Not Modified (0ms)


Started GET "/assets/application.css?body=1" for 127.0.0.1 at 2015-01-07 14:09:17 +0200
Served asset /application.css - 304 Not Modified (0ms)


Started GET "/assets/embed.css?body=1" for 127.0.0.1 at 2015-01-07 14:09:17 +0200
Served asset /embed.css - 304 Not Modified (0ms)


Started GET "/assets/posts.css?body=1" for 127.0.0.1 at 2015-01-07 14:09:17 +0200
Served asset /posts.css - 304 Not Modified (0ms)


Started GET "/assets/themes/custom.css?body=1" for 127.0.0.1 at 2015-01-07 14:09:17 +0200
Served asset /themes/custom.css - 304 Not Modified (0ms)


Started GET "/assets/fitvids.js?body=1" for 127.0.0.1 at 2015-01-07 14:09:17 +0200
Served asset /fitvids.js - 304 Not Modified (0ms)


Started GET "/assets/jquery_ujs.js?body=1" for 127.0.0.1 at 2015-01-07 14:09:17 +0200
Served asset /jquery_ujs.js - 304 Not Modified (0ms)


Started GET "/assets/posts.js?body=1" for 127.0.0.1 at 2015-01-07 14:09:17 +0200
Served asset /posts.js - 304 Not Modified (0ms)


Started GET "/assets/jquery.js?body=1" for 127.0.0.1 at 2015-01-07 14:09:17 +0200
Served asset /jquery.js - 304 Not Modified (0ms)


Started GET "/assets/showdown.js?body=1" for 127.0.0.1 at 2015-01-07 14:09:17 +0200
Served asset /showdown.js - 304 Not Modified (0ms)


Started GET "/assets/admin/editor.js?body=1" for 127.0.0.1 at 2015-01-07 14:09:17 +0200
Served asset /admin/editor.js - 304 Not Modified (0ms)


Started GET "/assets/admin/_functions.js?body=1" for 127.0.0.1 at 2015-01-07 14:09:17 +0200
Served asset /admin/_functions.js - 304 Not Modified (0ms)


Started GET "/assets/application.js?body=1" for 127.0.0.1 at 2015-01-07 14:09:17 +0200
Served asset /application.js - 304 Not Modified (0ms)


Started GET "/apple-touch-icon-precomposed.png" for 127.0.0.1 at 2015-01-07 14:09:17 +0200
Processing by PostsController#show as PNG
  Parameters: {"slug"=>"apple-touch-icon-precomposed"}
  [1m[35mPost Load (0.7ms)[0m  SELECT "posts".* FROM "posts" WHERE "posts"."slug" = 'apple-touch-icon-precomposed' AND "posts"."draft" = 'f' ORDER BY created_at desc LIMIT 1
Completed 404 Not Found in 3ms (ActiveRecord: 0.7ms)


Started GET "/apple-touch-icon.png" for 127.0.0.1 at 2015-01-07 14:09:17 +0200
Processing by PostsController#show as PNG
  Parameters: {"slug"=>"apple-touch-icon"}
  [1m[36mPost Load (0.2ms)[0m  [1mSELECT "posts".* FROM "posts" WHERE "posts"."slug" = 'apple-touch-icon' AND "posts"."draft" = 'f' ORDER BY created_at desc LIMIT 1[0m
Completed 404 Not Found in 1ms (ActiveRecord: 0.2ms)


Started GET "/admin" for 127.0.0.1 at 2015-01-07 14:10:42 +0200
Processing by PostsController#admin as HTML
  [1m[35mPost Load (0.7ms)[0m  SELECT "posts".* FROM "posts" WHERE "posts"."draft" = 't' ORDER BY created_at desc LIMIT 20 OFFSET 0
  Rendered posts/_li.html.erb (0.0ms)
  [1m[36m (0.4ms)[0m  [1mSELECT COUNT(*) FROM "posts" WHERE "posts"."draft" = 't'[0m
  [1m[35mPost Load (0.8ms)[0m  SELECT "posts".* FROM "posts" WHERE "posts"."draft" = 'f' ORDER BY created_at desc LIMIT 20 OFFSET 0
  Rendered posts/_li.html.erb (0.0ms)
  [1m[36m (0.5ms)[0m  [1mSELECT COUNT(*) FROM "posts" WHERE "posts"."draft" = 'f'[0m
  Rendered posts/admin.html.erb within layouts/admin (44.7ms)
Completed 200 OK in 112ms (Views: 104.6ms | ActiveRecord: 2.4ms)


Started GET "/assets/application.css?body=1" for 127.0.0.1 at 2015-01-07 14:10:42 +0200
Served asset /application.css - 304 Not Modified (2ms)


Started GET "/assets/normalize.css?body=1" for 127.0.0.1 at 2015-01-07 14:10:42 +0200
Served asset /normalize.css - 304 Not Modified (0ms)


Started GET "/assets/embed.css?body=1" for 127.0.0.1 at 2015-01-07 14:10:42 +0200
Served asset /embed.css - 304 Not Modified (0ms)


Started GET "/assets/posts.css?body=1" for 127.0.0.1 at 2015-01-07 14:10:42 +0200
Served asset /posts.css - 304 Not Modified (0ms)


Started GET "/assets/themes/custom.css?body=1" for 127.0.0.1 at 2015-01-07 14:10:42 +0200
Served asset /themes/custom.css - 304 Not Modified (0ms)


Started GET "/assets/jquery_ujs.js?body=1" for 127.0.0.1 at 2015-01-07 14:10:42 +0200
Served asset /jquery_ujs.js - 304 Not Modified (0ms)


Started GET "/assets/fitvids.js?body=1" for 127.0.0.1 at 2015-01-07 14:10:42 +0200
Served asset /fitvids.js - 304 Not Modified (0ms)


Started GET "/assets/posts.js?body=1" for 127.0.0.1 at 2015-01-07 14:10:42 +0200
Served asset /posts.js - 304 Not Modified (0ms)


Started GET "/assets/showdown.js?body=1" for 127.0.0.1 at 2015-01-07 14:10:42 +0200
Served asset /showdown.js - 304 Not Modified (0ms)


Started GET "/assets/jquery.js?body=1" for 127.0.0.1 at 2015-01-07 14:10:42 +0200
Served asset /jquery.js - 304 Not Modified (0ms)


Started GET "/assets/admin/_functions.js?body=1" for 127.0.0.1 at 2015-01-07 14:10:42 +0200
Served asset /admin/_functions.js - 304 Not Modified (0ms)


Started GET "/assets/admin/editor.js?body=1" for 127.0.0.1 at 2015-01-07 14:10:42 +0200
Served asset /admin/editor.js - 304 Not Modified (0ms)


Started GET "/assets/application.js?body=1" for 127.0.0.1 at 2015-01-07 14:10:42 +0200
Served asset /application.js - 304 Not Modified (2ms)


Started GET "/apple-touch-icon-precomposed.png" for 127.0.0.1 at 2015-01-07 14:10:43 +0200
Processing by PostsController#show as PNG
  Parameters: {"slug"=>"apple-touch-icon-precomposed"}
  [1m[35mPost Load (1.0ms)[0m  SELECT "posts".* FROM "posts" WHERE "posts"."slug" = 'apple-touch-icon-precomposed' AND "posts"."draft" = 'f' ORDER BY created_at desc LIMIT 1
Completed 404 Not Found in 7ms (ActiveRecord: 1.0ms)


Started GET "/apple-touch-icon.png" for 127.0.0.1 at 2015-01-07 14:10:43 +0200
Processing by PostsController#show as PNG
  Parameters: {"slug"=>"apple-touch-icon"}
  [1m[36mPost Load (0.8ms)[0m  [1mSELECT "posts".* FROM "posts" WHERE "posts"."slug" = 'apple-touch-icon' AND "posts"."draft" = 'f' ORDER BY created_at desc LIMIT 1[0m
Completed 404 Not Found in 7ms (ActiveRecord: 0.8ms)


Started GET "/" for 127.0.0.1 at 2015-01-07 14:11:56 +0200
Processing by PostsController#index as HTML
  [1m[35mPost Load (0.6ms)[0m  SELECT "posts".* FROM "posts" WHERE "posts"."draft" = 'f' ORDER BY created_at desc LIMIT 10 OFFSET 0
  Rendered collection (0.0ms)
  [1m[36m (0.3ms)[0m  [1mSELECT COUNT(*) FROM "posts" WHERE "posts"."draft" = 'f'[0m
  Rendered posts/index.html.erb within layouts/application (9.9ms)
Completed 200 OK in 53ms (Views: 51.0ms | ActiveRecord: 0.8ms)


Started GET "/assets/normalize.css?body=1" for 127.0.0.1 at 2015-01-07 14:11:57 +0200
Served asset /normalize.css - 304 Not Modified (0ms)


Started GET "/assets/application.css?body=1" for 127.0.0.1 at 2015-01-07 14:11:57 +0200
Served asset /application.css - 304 Not Modified (1ms)


Started GET "/assets/embed.css?body=1" for 127.0.0.1 at 2015-01-07 14:11:57 +0200
Served asset /embed.css - 304 Not Modified (0ms)


Started GET "/assets/posts.css?body=1" for 127.0.0.1 at 2015-01-07 14:11:57 +0200
Served asset /posts.css - 304 Not Modified (0ms)


Started GET "/assets/themes/custom.css?body=1" for 127.0.0.1 at 2015-01-07 14:11:57 +0200
Served asset /themes/custom.css - 304 Not Modified (0ms)


Started GET "/assets/jquery.js?body=1" for 127.0.0.1 at 2015-01-07 14:11:57 +0200
Served asset /jquery.js - 304 Not Modified (0ms)


Started GET "/assets/jquery_ujs.js?body=1" for 127.0.0.1 at 2015-01-07 14:11:57 +0200
Served asset /jquery_ujs.js - 304 Not Modified (0ms)


Started GET "/assets/posts.js?body=1" for 127.0.0.1 at 2015-01-07 14:11:57 +0200
Served asset /posts.js - 304 Not Modified (0ms)


Started GET "/assets/showdown.js?body=1" for 127.0.0.1 at 2015-01-07 14:11:57 +0200
Served asset /showdown.js - 304 Not Modified (0ms)


Started GET "/assets/fitvids.js?body=1" for 127.0.0.1 at 2015-01-07 14:11:57 +0200
Served asset /fitvids.js - 304 Not Modified (0ms)


Started GET "/assets/admin/_functions.js?body=1" for 127.0.0.1 at 2015-01-07 14:11:57 +0200
Served asset /admin/_functions.js - 304 Not Modified (0ms)


Started GET "/assets/admin/editor.js?body=1" for 127.0.0.1 at 2015-01-07 14:11:57 +0200
Served asset /admin/editor.js - 304 Not Modified (0ms)


Started GET "/assets/application.js?body=1" for 127.0.0.1 at 2015-01-07 14:11:57 +0200
Served asset /application.js - 304 Not Modified (2ms)


Started GET "/apple-touch-icon-precomposed.png" for 127.0.0.1 at 2015-01-07 14:11:57 +0200
Processing by PostsController#show as PNG
  Parameters: {"slug"=>"apple-touch-icon-precomposed"}
  [1m[35mPost Load (0.6ms)[0m  SELECT "posts".* FROM "posts" WHERE "posts"."slug" = 'apple-touch-icon-precomposed' AND "posts"."draft" = 'f' ORDER BY created_at desc LIMIT 1
Completed 404 Not Found in 4ms (ActiveRecord: 0.6ms)


Started GET "/apple-touch-icon.png" for 127.0.0.1 at 2015-01-07 14:11:57 +0200
Processing by PostsController#show as PNG
  Parameters: {"slug"=>"apple-touch-icon"}
  [1m[36mPost Load (0.6ms)[0m  [1mSELECT "posts".* FROM "posts" WHERE "posts"."slug" = 'apple-touch-icon' AND "posts"."draft" = 'f' ORDER BY created_at desc LIMIT 1[0m
Completed 404 Not Found in 4ms (ActiveRecord: 0.6ms)


Started GET "/" for 127.0.0.1 at 2015-01-07 14:18:26 +0200

NameError (uninitialized constant TestApp):
  config/routes.rb:1:in `<top (required)>'


  Rendered /Users/andrew/.rvm/gems/ruby-1.9.3-p551/gems/actionpack-3.2.13/lib/action_dispatch/middleware/templates/rescues/_trace.erb (5.2ms)
  Rendered /Users/andrew/.rvm/gems/ruby-1.9.3-p551/gems/actionpack-3.2.13/lib/action_dispatch/middleware/templates/rescues/_request_and_response.erb (6.7ms)
  Rendered /Users/andrew/.rvm/gems/ruby-1.9.3-p551/gems/actionpack-3.2.13/lib/action_dispatch/middleware/templates/rescues/diagnostics.erb within rescues/layout (119.9ms)


Started GET "/apple-touch-icon-precomposed.png" for 127.0.0.1 at 2015-01-07 14:18:27 +0200

ActionController::RoutingError (No route matches [GET] "/apple-touch-icon-precomposed.png"):
  actionpack (3.2.13) lib/action_dispatch/middleware/debug_exceptions.rb:21:in `call'
  actionpack (3.2.13) lib/action_dispatch/middleware/show_exceptions.rb:56:in `call'
  railties (3.2.13) lib/rails/rack/logger.rb:32:in `call_app'
  railties (3.2.13) lib/rails/rack/logger.rb:16:in `block in call'
  activesupport (3.2.13) lib/active_support/tagged_logging.rb:22:in `tagged'
  railties (3.2.13) lib/rails/rack/logger.rb:16:in `call'
  actionpack (3.2.13) lib/action_dispatch/middleware/request_id.rb:22:in `call'
  rack (1.4.5) lib/rack/methodoverride.rb:21:in `call'
  rack (1.4.5) lib/rack/runtime.rb:17:in `call'
  activesupport (3.2.13) lib/active_support/cache/strategy/local_cache.rb:72:in `call'
  rack (1.4.5) lib/rack/lock.rb:15:in `call'
  actionpack (3.2.13) lib/action_dispatch/middleware/static.rb:63:in `call'
  railties (3.2.13) lib/rails/engine.rb:479:in `call'
  railties (3.2.13) lib/rails/application.rb:223:in `call'
  rack (1.4.5) lib/rack/content_length.rb:14:in `call'
  railties (3.2.13) lib/rails/rack/log_tailer.rb:17:in `call'
  thin (1.3.1) lib/thin/connection.rb:80:in `block in pre_process'
  thin (1.3.1) lib/thin/connection.rb:78:in `catch'
  thin (1.3.1) lib/thin/connection.rb:78:in `pre_process'
  thin (1.3.1) lib/thin/connection.rb:53:in `process'
  thin (1.3.1) lib/thin/connection.rb:38:in `receive_data'
  eventmachine (0.12.10) lib/eventmachine.rb:256:in `run_machine'
  eventmachine (0.12.10) lib/eventmachine.rb:256:in `run'
  thin (1.3.1) lib/thin/backends/base.rb:61:in `start'
  thin (1.3.1) lib/thin/server.rb:159:in `start'
  rack (1.4.5) lib/rack/handler/thin.rb:13:in `run'
  rack (1.4.5) lib/rack/server.rb:268:in `start'
  railties (3.2.13) lib/rails/commands/server.rb:70:in `start'
  railties (3.2.13) lib/rails/commands.rb:55:in `block in <top (required)>'
  railties (3.2.13) lib/rails/commands.rb:50:in `tap'
  railties (3.2.13) lib/rails/commands.rb:50:in `<top (required)>'
  script/rails:6:in `require'
  script/rails:6:in `<main>'


  Rendered /Users/andrew/.rvm/gems/ruby-1.9.3-p551/gems/actionpack-3.2.13/lib/action_dispatch/middleware/templates/rescues/routing_error.erb within rescues/layout (2.5ms)


Started GET "/apple-touch-icon.png" for 127.0.0.1 at 2015-01-07 14:18:27 +0200

ActionController::RoutingError (No route matches [GET] "/apple-touch-icon.png"):
  actionpack (3.2.13) lib/action_dispatch/middleware/debug_exceptions.rb:21:in `call'
  actionpack (3.2.13) lib/action_dispatch/middleware/show_exceptions.rb:56:in `call'
  railties (3.2.13) lib/rails/rack/logger.rb:32:in `call_app'
  railties (3.2.13) lib/rails/rack/logger.rb:16:in `block in call'
  activesupport (3.2.13) lib/active_support/tagged_logging.rb:22:in `tagged'
  railties (3.2.13) lib/rails/rack/logger.rb:16:in `call'
  actionpack (3.2.13) lib/action_dispatch/middleware/request_id.rb:22:in `call'
  rack (1.4.5) lib/rack/methodoverride.rb:21:in `call'
  rack (1.4.5) lib/rack/runtime.rb:17:in `call'
  activesupport (3.2.13) lib/active_support/cache/strategy/local_cache.rb:72:in `call'
  rack (1.4.5) lib/rack/lock.rb:15:in `call'
  actionpack (3.2.13) lib/action_dispatch/middleware/static.rb:63:in `call'
  railties (3.2.13) lib/rails/engine.rb:479:in `call'
  railties (3.2.13) lib/rails/application.rb:223:in `call'
  rack (1.4.5) lib/rack/content_length.rb:14:in `call'
  railties (3.2.13) lib/rails/rack/log_tailer.rb:17:in `call'
  thin (1.3.1) lib/thin/connection.rb:80:in `block in pre_process'
  thin (1.3.1) lib/thin/connection.rb:78:in `catch'
  thin (1.3.1) lib/thin/connection.rb:78:in `pre_process'
  thin (1.3.1) lib/thin/connection.rb:53:in `process'
  thin (1.3.1) lib/thin/connection.rb:38:in `receive_data'
  eventmachine (0.12.10) lib/eventmachine.rb:256:in `run_machine'
  eventmachine (0.12.10) lib/eventmachine.rb:256:in `run'
  thin (1.3.1) lib/thin/backends/base.rb:61:in `start'
  thin (1.3.1) lib/thin/server.rb:159:in `start'
  rack (1.4.5) lib/rack/handler/thin.rb:13:in `run'
  rack (1.4.5) lib/rack/server.rb:268:in `start'
  railties (3.2.13) lib/rails/commands/server.rb:70:in `start'
  railties (3.2.13) lib/rails/commands.rb:55:in `block in <top (required)>'
  railties (3.2.13) lib/rails/commands.rb:50:in `tap'
  railties (3.2.13) lib/rails/commands.rb:50:in `<top (required)>'
  script/rails:6:in `require'
  script/rails:6:in `<main>'


  Rendered /Users/andrew/.rvm/gems/ruby-1.9.3-p551/gems/actionpack-3.2.13/lib/action_dispatch/middleware/templates/rescues/routing_error.erb within rescues/layout (2.8ms)
Connecting to database specified by database.yml


Started GET "/" for 127.0.0.1 at 2015-01-07 14:18:47 +0200
Processing by PostsController#index as HTML
  [1m[36mPost Load (0.6ms)[0m  [1mSELECT "posts".* FROM "posts" WHERE "posts"."draft" = 'f' ORDER BY created_at desc LIMIT 10 OFFSET 0[0m
  Rendered collection (0.0ms)
  [1m[35m (0.3ms)[0m  SELECT COUNT(*) FROM "posts" WHERE "posts"."draft" = 'f'
  Rendered posts/index.html.erb within layouts/application (42.1ms)
Compiled embed.css  (0ms)  (pid 49229)
Compiled application.css  (8ms)  (pid 49229)
Completed 200 OK in 252ms (Views: 248.7ms | ActiveRecord: 0.9ms)


Started GET "/assets/normalize.css?body=1" for 127.0.0.1 at 2015-01-07 14:18:48 +0200
Served asset /normalize.css - 304 Not Modified (18ms)


Started GET "/assets/application.css?body=1" for 127.0.0.1 at 2015-01-07 14:18:48 +0200
Served asset /application.css - 304 Not Modified (64ms)


Started GET "/assets/embed.css?body=1" for 127.0.0.1 at 2015-01-07 14:18:48 +0200
Served asset /embed.css - 200 OK (3ms)


Started GET "/assets/posts.css?body=1" for 127.0.0.1 at 2015-01-07 14:18:48 +0200
Served asset /posts.css - 304 Not Modified (3ms)


Started GET "/assets/themes/custom.css?body=1" for 127.0.0.1 at 2015-01-07 14:18:48 +0200
Served asset /themes/custom.css - 304 Not Modified (6ms)


Started GET "/assets/jquery.js?body=1" for 127.0.0.1 at 2015-01-07 14:18:48 +0200
Served asset /jquery.js - 304 Not Modified (6ms)


Started GET "/assets/jquery_ujs.js?body=1" for 127.0.0.1 at 2015-01-07 14:18:48 +0200
Served asset /jquery_ujs.js - 304 Not Modified (6ms)


Started GET "/assets/showdown.js?body=1" for 127.0.0.1 at 2015-01-07 14:18:48 +0200
Served asset /showdown.js - 304 Not Modified (3ms)


Started GET "/assets/fitvids.js?body=1" for 127.0.0.1 at 2015-01-07 14:18:48 +0200
Served asset /fitvids.js - 304 Not Modified (7ms)


Started GET "/assets/application.js?body=1" for 127.0.0.1 at 2015-01-07 14:18:48 +0200
Served asset /application.js - 304 Not Modified (71ms)


Started GET "/assets/admin/_functions.js?body=1" for 127.0.0.1 at 2015-01-07 14:18:48 +0200
Served asset /admin/_functions.js - 304 Not Modified (4ms)


Started GET "/assets/posts.js?body=1" for 127.0.0.1 at 2015-01-07 14:18:48 +0200
Served asset /posts.js - 304 Not Modified (9ms)


Started GET "/assets/admin/editor.js?body=1" for 127.0.0.1 at 2015-01-07 14:18:48 +0200
Served asset /admin/editor.js - 304 Not Modified (4ms)


Started GET "/apple-touch-icon-precomposed.png" for 127.0.0.1 at 2015-01-07 14:18:48 +0200
Processing by PostsController#show as PNG
  Parameters: {"slug"=>"apple-touch-icon-precomposed"}
  [1m[36mPost Load (0.8ms)[0m  [1mSELECT "posts".* FROM "posts" WHERE "posts"."slug" = 'apple-touch-icon-precomposed' AND "posts"."draft" = 'f' ORDER BY created_at desc LIMIT 1[0m
Completed 404 Not Found in 9ms (ActiveRecord: 0.8ms)


Started GET "/apple-touch-icon.png" for 127.0.0.1 at 2015-01-07 14:18:48 +0200
Processing by PostsController#show as PNG
  Parameters: {"slug"=>"apple-touch-icon"}
  [1m[35mPost Load (0.9ms)[0m  SELECT "posts".* FROM "posts" WHERE "posts"."slug" = 'apple-touch-icon' AND "posts"."draft" = 'f' ORDER BY created_at desc LIMIT 1
Completed 404 Not Found in 4ms (ActiveRecord: 0.9ms)


Started GET "/admin" for 127.0.0.1 at 2015-01-07 14:18:53 +0200
Processing by PostsController#admin as HTML
  [1m[36mPost Load (0.5ms)[0m  [1mSELECT "posts".* FROM "posts" WHERE "posts"."draft" = 't' ORDER BY created_at desc LIMIT 20 OFFSET 0[0m
  Rendered posts/_li.html.erb (0.0ms)
  [1m[35m (0.4ms)[0m  SELECT COUNT(*) FROM "posts" WHERE "posts"."draft" = 't'
  [1m[36mPost Load (0.8ms)[0m  [1mSELECT "posts".* FROM "posts" WHERE "posts"."draft" = 'f' ORDER BY created_at desc LIMIT 20 OFFSET 0[0m
  Rendered posts/_li.html.erb (0.0ms)
  [1m[35m (0.3ms)[0m  SELECT COUNT(*) FROM "posts" WHERE "posts"."draft" = 'f'
  Rendered posts/admin.html.erb within layouts/admin (43.4ms)
Completed 200 OK in 184ms (Views: 141.2ms | ActiveRecord: 2.1ms)


Started GET "/assets/normalize.css?body=1" for 127.0.0.1 at 2015-01-07 14:18:53 +0200
Served asset /normalize.css - 304 Not Modified (0ms)


Started GET "/assets/application.css?body=1" for 127.0.0.1 at 2015-01-07 14:18:53 +0200
Served asset /application.css - 304 Not Modified (0ms)


Started GET "/assets/posts.css?body=1" for 127.0.0.1 at 2015-01-07 14:18:53 +0200
Served asset /posts.css - 304 Not Modified (0ms)


Started GET "/assets/themes/custom.css?body=1" for 127.0.0.1 at 2015-01-07 14:18:53 +0200
Served asset /themes/custom.css - 304 Not Modified (0ms)


Started GET "/assets/jquery.js?body=1" for 127.0.0.1 at 2015-01-07 14:18:53 +0200
Served asset /jquery.js - 304 Not Modified (0ms)


Started GET "/assets/fitvids.js?body=1" for 127.0.0.1 at 2015-01-07 14:18:53 +0200
Served asset /fitvids.js - 304 Not Modified (3ms)


Started GET "/assets/posts.js?body=1" for 127.0.0.1 at 2015-01-07 14:18:53 +0200
Served asset /posts.js - 304 Not Modified (0ms)


Started GET "/assets/admin/_functions.js?body=1" for 127.0.0.1 at 2015-01-07 14:18:53 +0200
Served asset /admin/_functions.js - 304 Not Modified (0ms)


Started GET "/assets/jquery_ujs.js?body=1" for 127.0.0.1 at 2015-01-07 14:18:53 +0200
Served asset /jquery_ujs.js - 304 Not Modified (0ms)


Started GET "/assets/showdown.js?body=1" for 127.0.0.1 at 2015-01-07 14:18:53 +0200
Served asset /showdown.js - 304 Not Modified (0ms)


Started GET "/assets/admin/editor.js?body=1" for 127.0.0.1 at 2015-01-07 14:18:53 +0200
Served asset /admin/editor.js - 304 Not Modified (0ms)


Started GET "/assets/application.js?body=1" for 127.0.0.1 at 2015-01-07 14:18:53 +0200
Served asset /application.js - 304 Not Modified (1ms)


Started GET "/apple-touch-icon-precomposed.png" for 127.0.0.1 at 2015-01-07 14:18:54 +0200
Processing by PostsController#show as PNG
  Parameters: {"slug"=>"apple-touch-icon-precomposed"}
  [1m[36mPost Load (0.8ms)[0m  [1mSELECT "posts".* FROM "posts" WHERE "posts"."slug" = 'apple-touch-icon-precomposed' AND "posts"."draft" = 'f' ORDER BY created_at desc LIMIT 1[0m
Completed 404 Not Found in 4ms (ActiveRecord: 0.8ms)


Started GET "/apple-touch-icon.png" for 127.0.0.1 at 2015-01-07 14:18:54 +0200
Processing by PostsController#show as PNG
  Parameters: {"slug"=>"apple-touch-icon"}
  [1m[35mPost Load (0.7ms)[0m  SELECT "posts".* FROM "posts" WHERE "posts"."slug" = 'apple-touch-icon' AND "posts"."draft" = 'f' ORDER BY created_at desc LIMIT 1
Completed 404 Not Found in 3ms (ActiveRecord: 0.7ms)


Started GET "/" for 127.0.0.1 at 2015-01-07 14:18:59 +0200
Processing by PostsController#index as HTML
  [1m[36mPost Load (0.5ms)[0m  [1mSELECT "posts".* FROM "posts" WHERE "posts"."draft" = 'f' ORDER BY created_at desc LIMIT 10 OFFSET 0[0m
  Rendered collection (0.0ms)
  [1m[35m (0.3ms)[0m  SELECT COUNT(*) FROM "posts" WHERE "posts"."draft" = 'f'
  Rendered posts/index.html.erb within layouts/application (8.8ms)
Completed 200 OK in 88ms (Views: 85.2ms | ActiveRecord: 0.8ms)


Started GET "/assets/normalize.css?body=1" for 127.0.0.1 at 2015-01-07 14:18:59 +0200
Served asset /normalize.css - 304 Not Modified (0ms)


Started GET "/assets/application.css?body=1" for 127.0.0.1 at 2015-01-07 14:18:59 +0200
Served asset /application.css - 304 Not Modified (3ms)


Started GET "/assets/embed.css?body=1" for 127.0.0.1 at 2015-01-07 14:18:59 +0200
Served asset /embed.css - 304 Not Modified (1ms)


Started GET "/assets/posts.css?body=1" for 127.0.0.1 at 2015-01-07 14:18:59 +0200
Served asset /posts.css - 304 Not Modified (0ms)


Started GET "/assets/themes/custom.css?body=1" for 127.0.0.1 at 2015-01-07 14:18:59 +0200
Served asset /themes/custom.css - 304 Not Modified (1ms)


Started GET "/assets/fitvids.js?body=1" for 127.0.0.1 at 2015-01-07 14:18:59 +0200
Served asset /fitvids.js - 304 Not Modified (0ms)


Started GET "/assets/jquery.js?body=1" for 127.0.0.1 at 2015-01-07 14:18:59 +0200
Served asset /jquery.js - 304 Not Modified (0ms)


Started GET "/assets/jquery_ujs.js?body=1" for 127.0.0.1 at 2015-01-07 14:18:59 +0200
Served asset /jquery_ujs.js - 304 Not Modified (0ms)


Started GET "/assets/posts.js?body=1" for 127.0.0.1 at 2015-01-07 14:18:59 +0200
Served asset /posts.js - 304 Not Modified (0ms)


Started GET "/assets/showdown.js?body=1" for 127.0.0.1 at 2015-01-07 14:18:59 +0200
Served asset /showdown.js - 304 Not Modified (0ms)


Started GET "/assets/admin/_functions.js?body=1" for 127.0.0.1 at 2015-01-07 14:18:59 +0200
Served asset /admin/_functions.js - 304 Not Modified (0ms)


Started GET "/assets/application.js?body=1" for 127.0.0.1 at 2015-01-07 14:18:59 +0200
Served asset /application.js - 304 Not Modified (1ms)


Started GET "/assets/admin/editor.js?body=1" for 127.0.0.1 at 2015-01-07 14:18:59 +0200
Served asset /admin/editor.js - 304 Not Modified (0ms)


Started GET "/apple-touch-icon-precomposed.png" for 127.0.0.1 at 2015-01-07 14:19:00 +0200
Processing by PostsController#show as PNG
  Parameters: {"slug"=>"apple-touch-icon-precomposed"}
  [1m[36mPost Load (0.6ms)[0m  [1mSELECT "posts".* FROM "posts" WHERE "posts"."slug" = 'apple-touch-icon-precomposed' AND "posts"."draft" = 'f' ORDER BY created_at desc LIMIT 1[0m
Completed 404 Not Found in 4ms (ActiveRecord: 0.6ms)


Started GET "/apple-touch-icon.png" for 127.0.0.1 at 2015-01-07 14:19:00 +0200
Processing by PostsController#show as PNG
  Parameters: {"slug"=>"apple-touch-icon"}
  [1m[35mPost Load (0.6ms)[0m  SELECT "posts".* FROM "posts" WHERE "posts"."slug" = 'apple-touch-icon' AND "posts"."draft" = 'f' ORDER BY created_at desc LIMIT 1
Completed 404 Not Found in 3ms (ActiveRecord: 0.6ms)


Started GET "/admin" for 127.0.0.1 at 2015-01-07 14:19:03 +0200
Processing by PostsController#admin as HTML
  [1m[36mPost Load (0.6ms)[0m  [1mSELECT "posts".* FROM "posts" WHERE "posts"."draft" = 't' ORDER BY created_at desc LIMIT 20 OFFSET 0[0m
  Rendered posts/_li.html.erb (0.0ms)
  [1m[35m (0.4ms)[0m  SELECT COUNT(*) FROM "posts" WHERE "posts"."draft" = 't'
  [1m[36mPost Load (0.6ms)[0m  [1mSELECT "posts".* FROM "posts" WHERE "posts"."draft" = 'f' ORDER BY created_at desc LIMIT 20 OFFSET 0[0m
  Rendered posts/_li.html.erb (0.0ms)
  [1m[35m (0.4ms)[0m  SELECT COUNT(*) FROM "posts" WHERE "posts"."draft" = 'f'
  Rendered posts/admin.html.erb within layouts/admin (63.8ms)
Completed 200 OK in 112ms (Views: 107.4ms | ActiveRecord: 1.9ms)


Started GET "/assets/normalize.css?body=1" for 127.0.0.1 at 2015-01-07 14:19:04 +0200
Served asset /normalize.css - 304 Not Modified (0ms)


Started GET "/assets/application.css?body=1" for 127.0.0.1 at 2015-01-07 14:19:04 +0200
Served asset /application.css - 304 Not Modified (3ms)


Started GET "/assets/embed.css?body=1" for 127.0.0.1 at 2015-01-07 14:19:04 +0200
Served asset /embed.css - 304 Not Modified (0ms)


Started GET "/assets/posts.css?body=1" for 127.0.0.1 at 2015-01-07 14:19:04 +0200
Served asset /posts.css - 304 Not Modified (0ms)


Started GET "/assets/themes/custom.css?body=1" for 127.0.0.1 at 2015-01-07 14:19:04 +0200
Served asset /themes/custom.css - 304 Not Modified (0ms)


Started GET "/assets/jquery.js?body=1" for 127.0.0.1 at 2015-01-07 14:19:04 +0200
Served asset /jquery.js - 304 Not Modified (1ms)


Started GET "/assets/jquery_ujs.js?body=1" for 127.0.0.1 at 2015-01-07 14:19:04 +0200
Served asset /jquery_ujs.js - 304 Not Modified (0ms)


Started GET "/assets/fitvids.js?body=1" for 127.0.0.1 at 2015-01-07 14:19:04 +0200
Served asset /fitvids.js - 304 Not Modified (0ms)


Started GET "/assets/admin/_functions.js?body=1" for 127.0.0.1 at 2015-01-07 14:19:04 +0200
Served asset /admin/_functions.js - 304 Not Modified (1ms)


Started GET "/assets/posts.js?body=1" for 127.0.0.1 at 2015-01-07 14:19:04 +0200
Served asset /posts.js - 304 Not Modified (0ms)


Started GET "/assets/application.js?body=1" for 127.0.0.1 at 2015-01-07 14:19:04 +0200
Served asset /application.js - 304 Not Modified (1ms)


Started GET "/assets/admin/editor.js?body=1" for 127.0.0.1 at 2015-01-07 14:19:04 +0200
Served asset /admin/editor.js - 304 Not Modified (0ms)


Started GET "/assets/showdown.js?body=1" for 127.0.0.1 at 2015-01-07 14:19:04 +0200
Served asset /showdown.js - 304 Not Modified (0ms)


Started GET "/apple-touch-icon-precomposed.png" for 127.0.0.1 at 2015-01-07 14:19:04 +0200
Processing by PostsController#show as PNG
  Parameters: {"slug"=>"apple-touch-icon-precomposed"}
  [1m[36mPost Load (0.6ms)[0m  [1mSELECT "posts".* FROM "posts" WHERE "posts"."slug" = 'apple-touch-icon-precomposed' AND "posts"."draft" = 'f' ORDER BY created_at desc LIMIT 1[0m
Completed 404 Not Found in 44ms (ActiveRecord: 0.6ms)


Started GET "/apple-touch-icon.png" for 127.0.0.1 at 2015-01-07 14:19:04 +0200
Processing by PostsController#show as PNG
  Parameters: {"slug"=>"apple-touch-icon"}
  [1m[35mPost Load (0.7ms)[0m  SELECT "posts".* FROM "posts" WHERE "posts"."slug" = 'apple-touch-icon' AND "posts"."draft" = 'f' ORDER BY created_at desc LIMIT 1
Completed 404 Not Found in 7ms (ActiveRecord: 0.7ms)


Started GET "/" for 127.0.0.1 at 2015-01-07 14:19:10 +0200
Processing by PostsController#index as HTML
  [1m[36mPost Load (0.7ms)[0m  [1mSELECT "posts".* FROM "posts" WHERE "posts"."draft" = 'f' ORDER BY created_at desc LIMIT 10 OFFSET 0[0m
  Rendered collection (0.0ms)
  [1m[35m (0.4ms)[0m  SELECT COUNT(*) FROM "posts" WHERE "posts"."draft" = 'f'
  Rendered posts/index.html.erb within layouts/application (13.8ms)
Completed 200 OK in 70ms (Views: 66.9ms | ActiveRecord: 1.0ms)


Started GET "/assets/normalize.css?body=1" for 127.0.0.1 at 2015-01-07 14:19:10 +0200
Served asset /normalize.css - 304 Not Modified (0ms)


Started GET "/assets/application.css?body=1" for 127.0.0.1 at 2015-01-07 14:19:10 +0200
Served asset /application.css - 304 Not Modified (6ms)


Started GET "/assets/embed.css?body=1" for 127.0.0.1 at 2015-01-07 14:19:10 +0200
Served asset /embed.css - 304 Not Modified (0ms)


Started GET "/assets/posts.css?body=1" for 127.0.0.1 at 2015-01-07 14:19:10 +0200
Served asset /posts.css - 304 Not Modified (0ms)


Started GET "/assets/themes/custom.css?body=1" for 127.0.0.1 at 2015-01-07 14:19:10 +0200
Served asset /themes/custom.css - 304 Not Modified (0ms)


Started GET "/assets/jquery.js?body=1" for 127.0.0.1 at 2015-01-07 14:19:10 +0200
Served asset /jquery.js - 304 Not Modified (0ms)


Started GET "/assets/jquery_ujs.js?body=1" for 127.0.0.1 at 2015-01-07 14:19:10 +0200
Served asset /jquery_ujs.js - 304 Not Modified (0ms)


Started GET "/assets/fitvids.js?body=1" for 127.0.0.1 at 2015-01-07 14:19:10 +0200
Served asset /fitvids.js - 304 Not Modified (0ms)


Started GET "/assets/posts.js?body=1" for 127.0.0.1 at 2015-01-07 14:19:10 +0200
Served asset /posts.js - 304 Not Modified (0ms)


Started GET "/assets/showdown.js?body=1" for 127.0.0.1 at 2015-01-07 14:19:10 +0200
Served asset /showdown.js - 304 Not Modified (0ms)


Started GET "/assets/admin/_functions.js?body=1" for 127.0.0.1 at 2015-01-07 14:19:10 +0200
Served asset /admin/_functions.js - 304 Not Modified (1ms)


Started GET "/assets/admin/editor.js?body=1" for 127.0.0.1 at 2015-01-07 14:19:10 +0200
Served asset /admin/editor.js - 304 Not Modified (0ms)


Started GET "/assets/application.js?body=1" for 127.0.0.1 at 2015-01-07 14:19:10 +0200
Served asset /application.js - 304 Not Modified (2ms)


Started GET "/" for 127.0.0.1 at 2015-01-07 14:19:10 +0200
Processing by PostsController#index as HTML
  [1m[36mPost Load (0.7ms)[0m  [1mSELECT "posts".* FROM "posts" WHERE "posts"."draft" = 'f' ORDER BY created_at desc LIMIT 10 OFFSET 0[0m
  Rendered collection (0.0ms)
  [1m[35m (0.6ms)[0m  SELECT COUNT(*) FROM "posts" WHERE "posts"."draft" = 'f'
  Rendered posts/index.html.erb within layouts/application (13.3ms)
Completed 200 OK in 61ms (Views: 57.3ms | ActiveRecord: 1.3ms)


Started GET "/apple-touch-icon-precomposed.png" for 127.0.0.1 at 2015-01-07 14:19:11 +0200
Processing by PostsController#show as PNG
  Parameters: {"slug"=>"apple-touch-icon-precomposed"}
  [1m[36mPost Load (0.6ms)[0m  [1mSELECT "posts".* FROM "posts" WHERE "posts"."slug" = 'apple-touch-icon-precomposed' AND "posts"."draft" = 'f' ORDER BY created_at desc LIMIT 1[0m
Completed 404 Not Found in 5ms (ActiveRecord: 0.6ms)


Started GET "/apple-touch-icon.png" for 127.0.0.1 at 2015-01-07 14:19:11 +0200
Processing by PostsController#show as PNG
  Parameters: {"slug"=>"apple-touch-icon"}
  [1m[35mPost Load (0.9ms)[0m  SELECT "posts".* FROM "posts" WHERE "posts"."slug" = 'apple-touch-icon' AND "posts"."draft" = 'f' ORDER BY created_at desc LIMIT 1
Completed 404 Not Found in 8ms (ActiveRecord: 0.9ms)


Started GET "/assets/normalize.css?body=1" for 127.0.0.1 at 2015-01-07 14:19:11 +0200
Served asset /normalize.css - 304 Not Modified (6ms)


Started GET "/assets/application.css?body=1" for 127.0.0.1 at 2015-01-07 14:19:11 +0200
Served asset /application.css - 304 Not Modified (3ms)


Started GET "/assets/embed.css?body=1" for 127.0.0.1 at 2015-01-07 14:19:11 +0200
Served asset /embed.css - 304 Not Modified (0ms)


Started GET "/assets/posts.css?body=1" for 127.0.0.1 at 2015-01-07 14:19:11 +0200
Served asset /posts.css - 304 Not Modified (0ms)


Started GET "/assets/themes/custom.css?body=1" for 127.0.0.1 at 2015-01-07 14:19:11 +0200
Served asset /themes/custom.css - 304 Not Modified (0ms)


Started GET "/assets/jquery.js?body=1" for 127.0.0.1 at 2015-01-07 14:19:11 +0200
Served asset /jquery.js - 304 Not Modified (0ms)


Started GET "/assets/jquery_ujs.js?body=1" for 127.0.0.1 at 2015-01-07 14:19:11 +0200
Served asset /jquery_ujs.js - 304 Not Modified (0ms)


Started GET "/assets/fitvids.js?body=1" for 127.0.0.1 at 2015-01-07 14:19:11 +0200
Served asset /fitvids.js - 304 Not Modified (0ms)


Started GET "/assets/showdown.js?body=1" for 127.0.0.1 at 2015-01-07 14:19:11 +0200
Served asset /showdown.js - 304 Not Modified (0ms)


Started GET "/assets/admin/editor.js?body=1" for 127.0.0.1 at 2015-01-07 14:19:11 +0200
Served asset /admin/editor.js - 304 Not Modified (0ms)


Started GET "/assets/posts.js?body=1" for 127.0.0.1 at 2015-01-07 14:19:11 +0200
Served asset /posts.js - 304 Not Modified (0ms)


Started GET "/assets/application.js?body=1" for 127.0.0.1 at 2015-01-07 14:19:11 +0200
Served asset /application.js - 304 Not Modified (2ms)


Started GET "/assets/admin/_functions.js?body=1" for 127.0.0.1 at 2015-01-07 14:19:11 +0200
Served asset /admin/_functions.js - 304 Not Modified (0ms)


Started GET "/apple-touch-icon-precomposed.png" for 127.0.0.1 at 2015-01-07 14:19:11 +0200
Processing by PostsController#show as PNG
  Parameters: {"slug"=>"apple-touch-icon-precomposed"}
  [1m[36mPost Load (0.6ms)[0m  [1mSELECT "posts".* FROM "posts" WHERE "posts"."slug" = 'apple-touch-icon-precomposed' AND "posts"."draft" = 'f' ORDER BY created_at desc LIMIT 1[0m
Completed 404 Not Found in 7ms (ActiveRecord: 0.6ms)


Started GET "/apple-touch-icon.png" for 127.0.0.1 at 2015-01-07 14:19:11 +0200
Processing by PostsController#show as PNG
  Parameters: {"slug"=>"apple-touch-icon"}
  [1m[35mPost Load (0.8ms)[0m  SELECT "posts".* FROM "posts" WHERE "posts"."slug" = 'apple-touch-icon' AND "posts"."draft" = 'f' ORDER BY created_at desc LIMIT 1
Completed 404 Not Found in 6ms (ActiveRecord: 0.8ms)


Started GET "/" for 127.0.0.1 at 2015-01-07 14:19:15 +0200
Processing by PostsController#index as HTML
  [1m[36mPost Load (0.7ms)[0m  [1mSELECT "posts".* FROM "posts" WHERE "posts"."draft" = 'f' ORDER BY created_at desc LIMIT 10 OFFSET 0[0m
  Rendered collection (0.0ms)
  [1m[35m (0.3ms)[0m  SELECT COUNT(*) FROM "posts" WHERE "posts"."draft" = 'f'
  Rendered posts/index.html.erb within layouts/application (10.2ms)
Completed 200 OK in 54ms (Views: 51.5ms | ActiveRecord: 1.0ms)


Started GET "/assets/normalize.css?body=1" for 127.0.0.1 at 2015-01-07 14:19:16 +0200
Served asset /normalize.css - 304 Not Modified (0ms)


Started GET "/assets/application.css?body=1" for 127.0.0.1 at 2015-01-07 14:19:16 +0200
Served asset /application.css - 304 Not Modified (1ms)


Started GET "/assets/embed.css?body=1" for 127.0.0.1 at 2015-01-07 14:19:16 +0200
Served asset /embed.css - 304 Not Modified (0ms)


Started GET "/assets/posts.css?body=1" for 127.0.0.1 at 2015-01-07 14:19:16 +0200
Served asset /posts.css - 304 Not Modified (0ms)


Started GET "/assets/themes/custom.css?body=1" for 127.0.0.1 at 2015-01-07 14:19:16 +0200
Served asset /themes/custom.css - 304 Not Modified (0ms)


Started GET "/assets/jquery.js?body=1" for 127.0.0.1 at 2015-01-07 14:19:16 +0200
Served asset /jquery.js - 304 Not Modified (0ms)


Started GET "/assets/jquery_ujs.js?body=1" for 127.0.0.1 at 2015-01-07 14:19:16 +0200
Served asset /jquery_ujs.js - 304 Not Modified (0ms)


Started GET "/assets/fitvids.js?body=1" for 127.0.0.1 at 2015-01-07 14:19:16 +0200
Served asset /fitvids.js - 304 Not Modified (0ms)


Started GET "/assets/posts.js?body=1" for 127.0.0.1 at 2015-01-07 14:19:16 +0200
Served asset /posts.js - 304 Not Modified (0ms)


Started GET "/assets/showdown.js?body=1" for 127.0.0.1 at 2015-01-07 14:19:16 +0200
Served asset /showdown.js - 304 Not Modified (0ms)


Started GET "/assets/admin/_functions.js?body=1" for 127.0.0.1 at 2015-01-07 14:19:16 +0200
Served asset /admin/_functions.js - 304 Not Modified (1ms)


Started GET "/assets/application.js?body=1" for 127.0.0.1 at 2015-01-07 14:19:16 +0200
Served asset /application.js - 304 Not Modified (1ms)


Started GET "/assets/admin/editor.js?body=1" for 127.0.0.1 at 2015-01-07 14:19:16 +0200
Served asset /admin/editor.js - 304 Not Modified (0ms)


Started GET "/apple-touch-icon-precomposed.png" for 127.0.0.1 at 2015-01-07 14:19:16 +0200
Processing by PostsController#show as PNG
  Parameters: {"slug"=>"apple-touch-icon-precomposed"}
  [1m[36mPost Load (0.6ms)[0m  [1mSELECT "posts".* FROM "posts" WHERE "posts"."slug" = 'apple-touch-icon-precomposed' AND "posts"."draft" = 'f' ORDER BY created_at desc LIMIT 1[0m
Completed 404 Not Found in 4ms (ActiveRecord: 0.6ms)


Started GET "/apple-touch-icon.png" for 127.0.0.1 at 2015-01-07 14:19:16 +0200
Processing by PostsController#show as PNG
  Parameters: {"slug"=>"apple-touch-icon"}
  [1m[35mPost Load (0.6ms)[0m  SELECT "posts".* FROM "posts" WHERE "posts"."slug" = 'apple-touch-icon' AND "posts"."draft" = 'f' ORDER BY created_at desc LIMIT 1
Completed 404 Not Found in 4ms (ActiveRecord: 0.6ms)


Started GET "/admin" for 127.0.0.1 at 2015-01-07 14:19:21 +0200
Processing by PostsController#admin as HTML
  [1m[36mPost Load (0.9ms)[0m  [1mSELECT "posts".* FROM "posts" WHERE "posts"."draft" = 't' ORDER BY created_at desc LIMIT 20 OFFSET 0[0m
  Rendered posts/_li.html.erb (0.1ms)
  [1m[35m (0.5ms)[0m  SELECT COUNT(*) FROM "posts" WHERE "posts"."draft" = 't'
  [1m[36mPost Load (0.8ms)[0m  [1mSELECT "posts".* FROM "posts" WHERE "posts"."draft" = 'f' ORDER BY created_at desc LIMIT 20 OFFSET 0[0m
  Rendered posts/_li.html.erb (0.0ms)
  [1m[35m (0.4ms)[0m  SELECT COUNT(*) FROM "posts" WHERE "posts"."draft" = 'f'
  Rendered posts/admin.html.erb within layouts/admin (43.8ms)
Completed 200 OK in 120ms (Views: 113.2ms | ActiveRecord: 2.5ms)


Started GET "/assets/normalize.css?body=1" for 127.0.0.1 at 2015-01-07 14:19:21 +0200
Served asset /normalize.css - 304 Not Modified (1ms)


Started GET "/assets/application.css?body=1" for 127.0.0.1 at 2015-01-07 14:19:21 +0200
Served asset /application.css - 304 Not Modified (4ms)


Started GET "/assets/embed.css?body=1" for 127.0.0.1 at 2015-01-07 14:19:21 +0200
Served asset /embed.css - 304 Not Modified (0ms)


Started GET "/assets/posts.css?body=1" for 127.0.0.1 at 2015-01-07 14:19:21 +0200
Served asset /posts.css - 304 Not Modified (0ms)


Started GET "/assets/themes/custom.css?body=1" for 127.0.0.1 at 2015-01-07 14:19:21 +0200
Served asset /themes/custom.css - 304 Not Modified (0ms)


Started GET "/assets/jquery.js?body=1" for 127.0.0.1 at 2015-01-07 14:19:21 +0200
Served asset /jquery.js - 304 Not Modified (0ms)


Started GET "/assets/jquery_ujs.js?body=1" for 127.0.0.1 at 2015-01-07 14:19:21 +0200
Served asset /jquery_ujs.js - 304 Not Modified (0ms)


Started GET "/assets/fitvids.js?body=1" for 127.0.0.1 at 2015-01-07 14:19:21 +0200
Served asset /fitvids.js - 304 Not Modified (0ms)


Started GET "/assets/posts.js?body=1" for 127.0.0.1 at 2015-01-07 14:19:21 +0200
Served asset /posts.js - 304 Not Modified (0ms)


Started GET "/assets/showdown.js?body=1" for 127.0.0.1 at 2015-01-07 14:19:21 +0200
Served asset /showdown.js - 304 Not Modified (0ms)


Started GET "/assets/application.js?body=1" for 127.0.0.1 at 2015-01-07 14:19:21 +0200
Served asset /application.js - 304 Not Modified (2ms)


Started GET "/assets/admin/editor.js?body=1" for 127.0.0.1 at 2015-01-07 14:19:21 +0200
Served asset /admin/editor.js - 304 Not Modified (0ms)


Started GET "/assets/admin/_functions.js?body=1" for 127.0.0.1 at 2015-01-07 14:19:21 +0200
Served asset /admin/_functions.js - 304 Not Modified (0ms)


Started GET "/apple-touch-icon-precomposed.png" for 127.0.0.1 at 2015-01-07 14:19:22 +0200
Processing by PostsController#show as PNG
  Parameters: {"slug"=>"apple-touch-icon-precomposed"}
  [1m[36mPost Load (1.0ms)[0m  [1mSELECT "posts".* FROM "posts" WHERE "posts"."slug" = 'apple-touch-icon-precomposed' AND "posts"."draft" = 'f' ORDER BY created_at desc LIMIT 1[0m
Completed 404 Not Found in 8ms (ActiveRecord: 1.0ms)


Started GET "/apple-touch-icon.png" for 127.0.0.1 at 2015-01-07 14:19:22 +0200
Processing by PostsController#show as PNG
  Parameters: {"slug"=>"apple-touch-icon"}
  [1m[35mPost Load (1.0ms)[0m  SELECT "posts".* FROM "posts" WHERE "posts"."slug" = 'apple-touch-icon' AND "posts"."draft" = 'f' ORDER BY created_at desc LIMIT 1
Completed 404 Not Found in 7ms (ActiveRecord: 1.0ms)


Started GET "/new" for 127.0.0.1 at 2015-01-07 14:19:28 +0200
Processing by PostsController#new as HTML
  Rendered posts/_form.html.erb (312.7ms)
  Rendered posts/new.html.erb within layouts/admin (316.0ms)
Completed 200 OK in 356ms (Views: 352.3ms | ActiveRecord: 0.0ms)


Started GET "/assets/normalize.css?body=1" for 127.0.0.1 at 2015-01-07 14:19:29 +0200
Served asset /normalize.css - 304 Not Modified (0ms)


Started GET "/assets/application.css?body=1" for 127.0.0.1 at 2015-01-07 14:19:29 +0200
Served asset /application.css - 304 Not Modified (1ms)


Started GET "/assets/embed.css?body=1" for 127.0.0.1 at 2015-01-07 14:19:29 +0200
Served asset /embed.css - 304 Not Modified (0ms)


Started GET "/assets/posts.css?body=1" for 127.0.0.1 at 2015-01-07 14:19:29 +0200
Served asset /posts.css - 304 Not Modified (1ms)


Started GET "/assets/themes/custom.css?body=1" for 127.0.0.1 at 2015-01-07 14:19:29 +0200
Served asset /themes/custom.css - 304 Not Modified (1ms)


Started GET "/assets/jquery.js?body=1" for 127.0.0.1 at 2015-01-07 14:19:29 +0200
Served asset /jquery.js - 304 Not Modified (0ms)


Started GET "/assets/jquery_ujs.js?body=1" for 127.0.0.1 at 2015-01-07 14:19:29 +0200
Served asset /jquery_ujs.js - 304 Not Modified (0ms)


Started GET "/assets/fitvids.js?body=1" for 127.0.0.1 at 2015-01-07 14:19:29 +0200
Served asset /fitvids.js - 304 Not Modified (0ms)


Started GET "/assets/showdown.js?body=1" for 127.0.0.1 at 2015-01-07 14:19:29 +0200
Served asset /showdown.js - 304 Not Modified (0ms)


Started GET "/assets/admin/_functions.js?body=1" for 127.0.0.1 at 2015-01-07 14:19:29 +0200
Served asset /admin/_functions.js - 304 Not Modified (1ms)


Started GET "/assets/posts.js?body=1" for 127.0.0.1 at 2015-01-07 14:19:29 +0200
Served asset /posts.js - 304 Not Modified (0ms)


Started GET "/assets/application.js?body=1" for 127.0.0.1 at 2015-01-07 14:19:29 +0200
Served asset /application.js - 304 Not Modified (1ms)


Started GET "/assets/admin/editor.js?body=1" for 127.0.0.1 at 2015-01-07 14:19:29 +0200
Served asset /admin/editor.js - 304 Not Modified (0ms)


Started GET "/assets/markdown.png" for 127.0.0.1 at 2015-01-07 14:19:29 +0200
Served asset /markdown.png - 304 Not Modified (16ms)


Started GET "/apple-touch-icon-precomposed.png" for 127.0.0.1 at 2015-01-07 14:19:29 +0200
Processing by PostsController#show as PNG
  Parameters: {"slug"=>"apple-touch-icon-precomposed"}
  [1m[36mPost Load (0.7ms)[0m  [1mSELECT "posts".* FROM "posts" WHERE "posts"."slug" = 'apple-touch-icon-precomposed' AND "posts"."draft" = 'f' ORDER BY created_at desc LIMIT 1[0m
Completed 404 Not Found in 5ms (ActiveRecord: 0.7ms)


Started GET "/apple-touch-icon.png" for 127.0.0.1 at 2015-01-07 14:19:30 +0200
Processing by PostsController#show as PNG
  Parameters: {"slug"=>"apple-touch-icon"}
  [1m[35mPost Load (0.8ms)[0m  SELECT "posts".* FROM "posts" WHERE "posts"."slug" = 'apple-touch-icon' AND "posts"."draft" = 'f' ORDER BY created_at desc LIMIT 1
Completed 404 Not Found in 4ms (ActiveRecord: 0.8ms)


Started POST "/posts" for 127.0.0.1 at 2015-01-07 14:19:48 +0200
Processing by PostsController#create as HTML
  Parameters: {"utf8"=>"✓", "authenticity_token"=>"AW5DsPJ+4ViytiuVNoIdXkMIDxsLVjsPi4u6McMt5Dc=", "post"=>{"title"=>"first blog entry", "content"=>"new post content", "slug"=>"", "url"=>"", "draft"=>"0"}}
  [1m[36m (0.1ms)[0m  [1mbegin transaction[0m
  [1m[35mPost Load (0.4ms)[0m  SELECT "posts".* FROM "posts" WHERE (slug LIKE 'first-blog-entry%') ORDER BY created_at desc
  [1m[36mPost Exists (0.2ms)[0m  [1mSELECT 1 AS one FROM "posts" WHERE "posts"."slug" = 'first-blog-entry' LIMIT 1[0m
  [1m[35mSQL (9.7ms)[0m  INSERT INTO "posts" ("aside", "content", "created_at", "draft", "parent", "slug", "title", "updated_at", "url") VALUES (?, ?, ?, ?, ?, ?, ?, ?, ?)  [["aside", false], ["content", "new post content"], ["created_at", Wed, 07 Jan 2015 12:19:48 UTC +00:00], ["draft", false], ["parent", nil], ["slug", "first-blog-entry"], ["title", "first blog entry"], ["updated_at", Wed, 07 Jan 2015 12:19:48 UTC +00:00], ["url", ""]]
  [1m[36m (1.6ms)[0m  [1mcommit transaction[0m
Redirected to http://localhost:3000/edit/1
Completed 302 Found in 150ms (ActiveRecord: 12.0ms)


Started GET "/edit/1" for 127.0.0.1 at 2015-01-07 14:19:48 +0200
Processing by PostsController#edit as HTML
  Parameters: {"id"=>"1"}
  [1m[35mPost Load (0.5ms)[0m  SELECT "posts".* FROM "posts" WHERE "posts"."id" = ? ORDER BY created_at desc LIMIT 1  [["id", "1"]]
  Rendered posts/_form.html.erb (8.7ms)
  Rendered posts/edit.html.erb within layouts/admin (11.2ms)
Completed 200 OK in 71ms (Views: 66.5ms | ActiveRecord: 0.5ms)


Started GET "/assets/normalize.css?body=1" for 127.0.0.1 at 2015-01-07 14:19:48 +0200
Served asset /normalize.css - 304 Not Modified (0ms)


Started GET "/assets/application.css?body=1" for 127.0.0.1 at 2015-01-07 14:19:48 +0200
Served asset /application.css - 304 Not Modified (5ms)


Started GET "/assets/embed.css?body=1" for 127.0.0.1 at 2015-01-07 14:19:49 +0200
Served asset /embed.css - 304 Not Modified (0ms)


Started GET "/assets/posts.css?body=1" for 127.0.0.1 at 2015-01-07 14:19:49 +0200
Served asset /posts.css - 304 Not Modified (0ms)


Started GET "/assets/themes/custom.css?body=1" for 127.0.0.1 at 2015-01-07 14:19:49 +0200
Served asset /themes/custom.css - 304 Not Modified (0ms)


Started GET "/assets/jquery_ujs.js?body=1" for 127.0.0.1 at 2015-01-07 14:19:49 +0200
Served asset /jquery_ujs.js - 304 Not Modified (0ms)


Started GET "/assets/fitvids.js?body=1" for 127.0.0.1 at 2015-01-07 14:19:49 +0200
Served asset /fitvids.js - 304 Not Modified (0ms)


Started GET "/assets/showdown.js?body=1" for 127.0.0.1 at 2015-01-07 14:19:49 +0200
Served asset /showdown.js - 304 Not Modified (0ms)


Started GET "/assets/admin/_functions.js?body=1" for 127.0.0.1 at 2015-01-07 14:19:49 +0200
Served asset /admin/_functions.js - 304 Not Modified (0ms)


Started GET "/assets/jquery.js?body=1" for 127.0.0.1 at 2015-01-07 14:19:49 +0200
Served asset /jquery.js - 304 Not Modified (0ms)


Started GET "/assets/posts.js?body=1" for 127.0.0.1 at 2015-01-07 14:19:49 +0200
Served asset /posts.js - 304 Not Modified (0ms)


Started GET "/assets/admin/editor.js?body=1" for 127.0.0.1 at 2015-01-07 14:19:49 +0200
Served asset /admin/editor.js - 304 Not Modified (0ms)


Started GET "/assets/application.js?body=1" for 127.0.0.1 at 2015-01-07 14:19:49 +0200
Served asset /application.js - 304 Not Modified (1ms)


Started GET "/apple-touch-icon-precomposed.png" for 127.0.0.1 at 2015-01-07 14:19:49 +0200
Processing by PostsController#show as PNG
  Parameters: {"slug"=>"apple-touch-icon-precomposed"}
  [1m[36mPost Load (0.9ms)[0m  [1mSELECT "posts".* FROM "posts" WHERE "posts"."slug" = 'apple-touch-icon-precomposed' AND "posts"."draft" = 'f' ORDER BY created_at desc LIMIT 1[0m
Completed 404 Not Found in 7ms (ActiveRecord: 0.9ms)


Started GET "/apple-touch-icon.png" for 127.0.0.1 at 2015-01-07 14:19:49 +0200
Processing by PostsController#show as PNG
  Parameters: {"slug"=>"apple-touch-icon"}
  [1m[35mPost Load (0.8ms)[0m  SELECT "posts".* FROM "posts" WHERE "posts"."slug" = 'apple-touch-icon' AND "posts"."draft" = 'f' ORDER BY created_at desc LIMIT 1
Completed 404 Not Found in 5ms (ActiveRecord: 0.8ms)


Started GET "/admin" for 127.0.0.1 at 2015-01-07 14:19:53 +0200
Processing by PostsController#admin as HTML
  [1m[36mPost Load (0.8ms)[0m  [1mSELECT "posts".* FROM "posts" WHERE "posts"."draft" = 't' ORDER BY created_at desc LIMIT 20 OFFSET 0[0m
  Rendered posts/_li.html.erb (0.0ms)
  [1m[35m (0.4ms)[0m  SELECT COUNT(*) FROM "posts" WHERE "posts"."draft" = 't'
  [1m[36mPost Load (0.7ms)[0m  [1mSELECT "posts".* FROM "posts" WHERE "posts"."draft" = 'f' ORDER BY created_at desc LIMIT 20 OFFSET 0[0m
  Rendered posts/_li.html.erb (4.9ms)
  [1m[35m (0.4ms)[0m  SELECT COUNT(*) FROM "posts" WHERE "posts"."draft" = 'f'
  Rendered posts/admin.html.erb within layouts/admin (44.6ms)
Completed 200 OK in 96ms (Views: 87.7ms | ActiveRecord: 2.3ms)


Started GET "/assets/normalize.css?body=1" for 127.0.0.1 at 2015-01-07 14:19:53 +0200
Served asset /normalize.css - 304 Not Modified (0ms)


Started GET "/assets/application.css?body=1" for 127.0.0.1 at 2015-01-07 14:19:53 +0200
Served asset /application.css - 304 Not Modified (2ms)


Started GET "/assets/embed.css?body=1" for 127.0.0.1 at 2015-01-07 14:19:53 +0200
Served asset /embed.css - 304 Not Modified (0ms)


Started GET "/assets/posts.css?body=1" for 127.0.0.1 at 2015-01-07 14:19:53 +0200
Served asset /posts.css - 304 Not Modified (0ms)


Started GET "/assets/themes/custom.css?body=1" for 127.0.0.1 at 2015-01-07 14:19:53 +0200
Served asset /themes/custom.css - 304 Not Modified (0ms)


Started GET "/assets/jquery_ujs.js?body=1" for 127.0.0.1 at 2015-01-07 14:19:53 +0200
Served asset /jquery_ujs.js - 304 Not Modified (0ms)


Started GET "/assets/jquery.js?body=1" for 127.0.0.1 at 2015-01-07 14:19:53 +0200
Served asset /jquery.js - 304 Not Modified (0ms)


Started GET "/assets/fitvids.js?body=1" for 127.0.0.1 at 2015-01-07 14:19:53 +0200
Served asset /fitvids.js - 304 Not Modified (0ms)


Started GET "/assets/posts.js?body=1" for 127.0.0.1 at 2015-01-07 14:19:53 +0200
Served asset /posts.js - 304 Not Modified (0ms)


Started GET "/assets/admin/_functions.js?body=1" for 127.0.0.1 at 2015-01-07 14:19:53 +0200
Served asset /admin/_functions.js - 304 Not Modified (0ms)


Started GET "/assets/application.js?body=1" for 127.0.0.1 at 2015-01-07 14:19:53 +0200
Served asset /application.js - 304 Not Modified (4ms)


Started GET "/assets/showdown.js?body=1" for 127.0.0.1 at 2015-01-07 14:19:53 +0200
Served asset /showdown.js - 304 Not Modified (0ms)


Started GET "/assets/admin/editor.js?body=1" for 127.0.0.1 at 2015-01-07 14:19:53 +0200
Served asset /admin/editor.js - 304 Not Modified (0ms)


Started GET "/apple-touch-icon-precomposed.png" for 127.0.0.1 at 2015-01-07 14:19:54 +0200
Processing by PostsController#show as PNG
  Parameters: {"slug"=>"apple-touch-icon-precomposed"}
  [1m[36mPost Load (1.4ms)[0m  [1mSELECT "posts".* FROM "posts" WHERE "posts"."slug" = 'apple-touch-icon-precomposed' AND "posts"."draft" = 'f' ORDER BY created_at desc LIMIT 1[0m
Completed 404 Not Found in 7ms (ActiveRecord: 1.4ms)


Started GET "/apple-touch-icon.png" for 127.0.0.1 at 2015-01-07 14:19:54 +0200
Processing by PostsController#show as PNG
  Parameters: {"slug"=>"apple-touch-icon"}
  [1m[35mPost Load (0.5ms)[0m  SELECT "posts".* FROM "posts" WHERE "posts"."slug" = 'apple-touch-icon' AND "posts"."draft" = 'f' ORDER BY created_at desc LIMIT 1
Completed 404 Not Found in 2ms (ActiveRecord: 0.5ms)


Started GET "/" for 127.0.0.1 at 2015-01-07 14:19:55 +0200
Processing by PostsController#index as HTML
  [1m[36mPost Load (0.5ms)[0m  [1mSELECT "posts".* FROM "posts" WHERE "posts"."draft" = 'f' ORDER BY created_at desc LIMIT 10 OFFSET 0[0m
  Rendered posts/_post.html.erb (3.7ms)
  [1m[35m (0.4ms)[0m  SELECT COUNT(*) FROM "posts" WHERE "posts"."draft" = 'f'
  Rendered posts/index.html.erb within layouts/application (23.3ms)
Completed 200 OK in 63ms (Views: 61.0ms | ActiveRecord: 0.9ms)


Started GET "/assets/normalize.css?body=1" for 127.0.0.1 at 2015-01-07 14:19:55 +0200
Served asset /normalize.css - 304 Not Modified (0ms)


Started GET "/assets/application.css?body=1" for 127.0.0.1 at 2015-01-07 14:19:55 +0200
Served asset /application.css - 304 Not Modified (1ms)


Started GET "/assets/embed.css?body=1" for 127.0.0.1 at 2015-01-07 14:19:55 +0200
Served asset /embed.css - 304 Not Modified (0ms)


Started GET "/assets/posts.css?body=1" for 127.0.0.1 at 2015-01-07 14:19:55 +0200
Served asset /posts.css - 304 Not Modified (0ms)


Started GET "/assets/themes/custom.css?body=1" for 127.0.0.1 at 2015-01-07 14:19:55 +0200
Served asset /themes/custom.css - 304 Not Modified (0ms)


Started GET "/assets/posts.js?body=1" for 127.0.0.1 at 2015-01-07 14:19:55 +0200
Served asset /posts.js - 304 Not Modified (0ms)


Started GET "/assets/jquery.js?body=1" for 127.0.0.1 at 2015-01-07 14:19:55 +0200
Served asset /jquery.js - 304 Not Modified (0ms)


Started GET "/assets/fitvids.js?body=1" for 127.0.0.1 at 2015-01-07 14:19:55 +0200
Served asset /fitvids.js - 304 Not Modified (0ms)


Started GET "/assets/jquery_ujs.js?body=1" for 127.0.0.1 at 2015-01-07 14:19:55 +0200
Served asset /jquery_ujs.js - 304 Not Modified (0ms)


Started GET "/assets/showdown.js?body=1" for 127.0.0.1 at 2015-01-07 14:19:55 +0200
Served asset /showdown.js - 304 Not Modified (0ms)


Started GET "/assets/admin/_functions.js?body=1" for 127.0.0.1 at 2015-01-07 14:19:55 +0200
Served asset /admin/_functions.js - 304 Not Modified (0ms)


Started GET "/assets/application.js?body=1" for 127.0.0.1 at 2015-01-07 14:19:55 +0200
Served asset /application.js - 304 Not Modified (0ms)


Started GET "/assets/admin/editor.js?body=1" for 127.0.0.1 at 2015-01-07 14:19:55 +0200
Served asset /admin/editor.js - 304 Not Modified (0ms)


Started GET "/apple-touch-icon-precomposed.png" for 127.0.0.1 at 2015-01-07 14:19:55 +0200
Processing by PostsController#show as PNG
  Parameters: {"slug"=>"apple-touch-icon-precomposed"}
  [1m[36mPost Load (0.5ms)[0m  [1mSELECT "posts".* FROM "posts" WHERE "posts"."slug" = 'apple-touch-icon-precomposed' AND "posts"."draft" = 'f' ORDER BY created_at desc LIMIT 1[0m
Completed 404 Not Found in 3ms (ActiveRecord: 0.5ms)


Started GET "/apple-touch-icon.png" for 127.0.0.1 at 2015-01-07 14:19:56 +0200
Processing by PostsController#show as PNG
  Parameters: {"slug"=>"apple-touch-icon"}
  [1m[35mPost Load (0.5ms)[0m  SELECT "posts".* FROM "posts" WHERE "posts"."slug" = 'apple-touch-icon' AND "posts"."draft" = 'f' ORDER BY created_at desc LIMIT 1
Completed 404 Not Found in 2ms (ActiveRecord: 0.5ms)


Started GET "/edit/1" for 127.0.0.1 at 2015-01-07 14:20:00 +0200
Processing by PostsController#edit as HTML
  Parameters: {"id"=>"1"}
  [1m[36mPost Load (0.3ms)[0m  [1mSELECT "posts".* FROM "posts" WHERE "posts"."id" = ? ORDER BY created_at desc LIMIT 1[0m  [["id", "1"]]
  Rendered posts/_form.html.erb (6.3ms)
  Rendered posts/edit.html.erb within layouts/admin (7.7ms)
Completed 200 OK in 46ms (Views: 43.9ms | ActiveRecord: 0.3ms)


Started GET "/assets/normalize.css?body=1" for 127.0.0.1 at 2015-01-07 14:20:01 +0200
Served asset /normalize.css - 304 Not Modified (0ms)


Started GET "/assets/application.css?body=1" for 127.0.0.1 at 2015-01-07 14:20:01 +0200
Served asset /application.css - 304 Not Modified (1ms)


Started GET "/assets/embed.css?body=1" for 127.0.0.1 at 2015-01-07 14:20:01 +0200
Served asset /embed.css - 304 Not Modified (0ms)


Started GET "/assets/posts.css?body=1" for 127.0.0.1 at 2015-01-07 14:20:01 +0200
Served asset /posts.css - 304 Not Modified (0ms)


Started GET "/assets/themes/custom.css?body=1" for 127.0.0.1 at 2015-01-07 14:20:01 +0200
Served asset /themes/custom.css - 304 Not Modified (0ms)


Started GET "/assets/jquery.js?body=1" for 127.0.0.1 at 2015-01-07 14:20:01 +0200
Served asset /jquery.js - 304 Not Modified (0ms)


Started GET "/assets/jquery_ujs.js?body=1" for 127.0.0.1 at 2015-01-07 14:20:01 +0200
Served asset /jquery_ujs.js - 304 Not Modified (0ms)


Started GET "/assets/fitvids.js?body=1" for 127.0.0.1 at 2015-01-07 14:20:01 +0200
Served asset /fitvids.js - 304 Not Modified (0ms)


Started GET "/assets/showdown.js?body=1" for 127.0.0.1 at 2015-01-07 14:20:01 +0200
Served asset /showdown.js - 304 Not Modified (0ms)


Started GET "/assets/posts.js?body=1" for 127.0.0.1 at 2015-01-07 14:20:01 +0200
Served asset /posts.js - 304 Not Modified (0ms)


Started GET "/assets/admin/_functions.js?body=1" for 127.0.0.1 at 2015-01-07 14:20:01 +0200
Served asset /admin/_functions.js - 304 Not Modified (0ms)


Started GET "/assets/admin/editor.js?body=1" for 127.0.0.1 at 2015-01-07 14:20:01 +0200
Served asset /admin/editor.js - 304 Not Modified (0ms)


Started GET "/assets/application.js?body=1" for 127.0.0.1 at 2015-01-07 14:20:01 +0200
Served asset /application.js - 304 Not Modified (0ms)


Started GET "/apple-touch-icon-precomposed.png" for 127.0.0.1 at 2015-01-07 14:20:01 +0200
Processing by PostsController#show as PNG
  Parameters: {"slug"=>"apple-touch-icon-precomposed"}
  [1m[35mPost Load (0.5ms)[0m  SELECT "posts".* FROM "posts" WHERE "posts"."slug" = 'apple-touch-icon-precomposed' AND "posts"."draft" = 'f' ORDER BY created_at desc LIMIT 1
Completed 404 Not Found in 3ms (ActiveRecord: 0.5ms)


Started GET "/apple-touch-icon.png" for 127.0.0.1 at 2015-01-07 14:20:01 +0200
Processing by PostsController#show as PNG
  Parameters: {"slug"=>"apple-touch-icon"}
  [1m[36mPost Load (0.5ms)[0m  [1mSELECT "posts".* FROM "posts" WHERE "posts"."slug" = 'apple-touch-icon' AND "posts"."draft" = 'f' ORDER BY created_at desc LIMIT 1[0m
Completed 404 Not Found in 3ms (ActiveRecord: 0.5ms)
